2024-11-19T16:06:17.080-03:00  INFO 42660 --- [restartedMain] b.e.u.pb.pw45s.server.ServerApplication  : Starting ServerApplication using Java 21.0.2 with PID 42660 (D:\dev\utfpr\aulas\pw26s-pw45s\aula6\server\target\classes started by vinic in D:\dev\utfpr\aulas\pw26s-pw45s\aula6\server)
2024-11-19T16:06:17.082-03:00  INFO 42660 --- [restartedMain] b.e.u.pb.pw45s.server.ServerApplication  : The following 1 profile is active: "dev"
2024-11-19T16:06:17.143-03:00  INFO 42660 --- [restartedMain] .e.DevToolsPropertyDefaultsPostProcessor : Devtools property defaults active! Set 'spring.devtools.add-properties' to 'false' to disable
2024-11-19T16:06:17.143-03:00  INFO 42660 --- [restartedMain] .e.DevToolsPropertyDefaultsPostProcessor : For additional web related logging consider setting the 'logging.level.web' property to 'DEBUG'
2024-11-19T16:06:19.087-03:00  INFO 42660 --- [restartedMain] .s.d.r.c.RepositoryConfigurationDelegate : Bootstrapping Spring Data JPA repositories in DEFAULT mode.
2024-11-19T16:06:19.167-03:00  INFO 42660 --- [restartedMain] .s.d.r.c.RepositoryConfigurationDelegate : Finished Spring Data repository scanning in 69 ms. Found 4 JPA repository interfaces.
2024-11-19T16:06:20.048-03:00  INFO 42660 --- [restartedMain] o.s.b.w.embedded.tomcat.TomcatWebServer  : Tomcat initialized with port 8080 (http)
2024-11-19T16:06:20.061-03:00  INFO 42660 --- [restartedMain] o.apache.catalina.core.StandardService   : Starting service [Tomcat]
2024-11-19T16:06:20.062-03:00  INFO 42660 --- [restartedMain] o.apache.catalina.core.StandardEngine    : Starting Servlet engine: [Apache Tomcat/10.1.31]
2024-11-19T16:06:20.136-03:00  INFO 42660 --- [restartedMain] o.a.c.c.C.[Tomcat].[localhost].[/]       : Initializing Spring embedded WebApplicationContext
2024-11-19T16:06:20.136-03:00  INFO 42660 --- [restartedMain] w.s.c.ServletWebServerApplicationContext : Root WebApplicationContext: initialization completed in 2988 ms
2024-11-19T16:06:20.289-03:00  INFO 42660 --- [restartedMain] com.zaxxer.hikari.HikariDataSource       : HikariPool-1 - Starting...
2024-11-19T16:06:20.501-03:00  INFO 42660 --- [restartedMain] com.zaxxer.hikari.pool.HikariPool        : HikariPool-1 - Added connection conn0: url=jdbc:h2:mem:pw26s-dev user=SA
2024-11-19T16:06:20.503-03:00  INFO 42660 --- [restartedMain] com.zaxxer.hikari.HikariDataSource       : HikariPool-1 - Start completed.
2024-11-19T16:06:20.514-03:00  INFO 42660 --- [restartedMain] o.s.b.a.h2.H2ConsoleAutoConfiguration    : H2 console available at '/h2-console'. Database available at 'jdbc:h2:mem:pw26s-dev'
2024-11-19T16:06:20.882-03:00  INFO 42660 --- [restartedMain] org.flywaydb.core.FlywayExecutor         : Database: jdbc:h2:mem:pw26s-dev (H2 2.2)
2024-11-19T16:06:20.890-03:00  WARN 42660 --- [restartedMain] o.f.c.internal.database.base.Database    : Flyway upgrade recommended: H2 2.2.224 is newer than this version of Flyway and support has not been tested. The latest supported version of H2 is 2.2.220.
2024-11-19T16:06:20.944-03:00  INFO 42660 --- [restartedMain] o.f.c.i.s.JdbcTableSchemaHistory         : Schema history table "PUBLIC"."flyway_schema_history" does not exist yet
2024-11-19T16:06:20.948-03:00  INFO 42660 --- [restartedMain] o.f.core.internal.command.DbValidate     : Successfully validated 2 migrations (execution time 00:00.040s)
2024-11-19T16:06:20.957-03:00  INFO 42660 --- [restartedMain] o.f.c.i.s.JdbcTableSchemaHistory         : Creating Schema History table "PUBLIC"."flyway_schema_history" ...
2024-11-19T16:06:20.998-03:00  INFO 42660 --- [restartedMain] o.f.core.internal.command.DbMigrate      : Current version of schema "PUBLIC": << Empty Schema >>
2024-11-19T16:06:21.008-03:00  INFO 42660 --- [restartedMain] o.f.core.internal.command.DbMigrate      : Migrating schema "PUBLIC" to version "1.0 - Init"
2024-11-19T16:06:21.033-03:00  INFO 42660 --- [restartedMain] o.f.core.internal.command.DbMigrate      : Migrating schema "PUBLIC" to version "1.1 - Data"
2024-11-19T16:06:21.045-03:00  INFO 42660 --- [restartedMain] o.f.core.internal.command.DbMigrate      : Successfully applied 2 migrations to schema "PUBLIC", now at version v1.1 (execution time 00:00.022s)
2024-11-19T16:06:21.163-03:00  INFO 42660 --- [restartedMain] o.hibernate.jpa.internal.util.LogHelper  : HHH000204: Processing PersistenceUnitInfo [name: default]
2024-11-19T16:06:21.235-03:00  INFO 42660 --- [restartedMain] org.hibernate.Version                    : HHH000412: Hibernate ORM core version 6.5.3.Final
2024-11-19T16:06:21.243-03:00  WARN 42660 --- [restartedMain] org.hibernate.orm.deprecation            : HHH90000021: Encountered deprecated setting [javax.persistence.validation.mode], use [jakarta.persistence.validation.mode] instead
2024-11-19T16:06:21.271-03:00  INFO 42660 --- [restartedMain] o.h.c.internal.RegionFactoryInitiator    : HHH000026: Second-level cache disabled
2024-11-19T16:06:21.559-03:00  INFO 42660 --- [restartedMain] o.s.o.j.p.SpringPersistenceUnitInfo      : No LoadTimeWeaver setup: ignoring JPA class transformer
2024-11-19T16:06:22.609-03:00  INFO 42660 --- [restartedMain] o.h.e.t.j.p.i.JtaPlatformInitiator       : HHH000489: No JTA platform available (set 'hibernate.transaction.jta.platform' to enable JTA platform integration)
2024-11-19T16:06:22.612-03:00  INFO 42660 --- [restartedMain] j.LocalContainerEntityManagerFactoryBean : Initialized JPA EntityManagerFactory for persistence unit 'default'
2024-11-19T16:06:23.336-03:00  WARN 42660 --- [restartedMain] JpaBaseConfiguration$JpaWebConfiguration : spring.jpa.open-in-view is enabled by default. Therefore, database queries may be performed during view rendering. Explicitly configure spring.jpa.open-in-view to disable this warning
2024-11-19T16:06:23.376-03:00  INFO 42660 --- [restartedMain] r$InitializeUserDetailsManagerConfigurer : Global AuthenticationManager configured with UserDetailsService bean with name authService
2024-11-19T16:06:23.905-03:00  INFO 42660 --- [restartedMain] o.s.b.a.e.web.EndpointLinksResolver      : Exposing 16 endpoints beneath base path '/actuator'
2024-11-19T16:06:24.697-03:00  INFO 42660 --- [restartedMain] o.s.b.d.a.OptionalLiveReloadServer       : LiveReload server is running on port 35729
2024-11-19T16:06:24.800-03:00  INFO 42660 --- [restartedMain] o.s.b.w.embedded.tomcat.TomcatWebServer  : Tomcat started on port 8080 (http) with context path '/'
2024-11-19T16:06:24.830-03:00  INFO 42660 --- [restartedMain] b.e.u.pb.pw45s.server.ServerApplication  : Started ServerApplication in 8.282 seconds (process running for 10.308)
2024-11-19T16:06:24.886-03:00  WARN 42660 --- [registrationTask1] d.c.b.a.c.r.ApplicationRegistrator       : Failed to register application as Application(name=spring-boot-application, managementUrl=http://172.31.176.1:8080/actuator, healthUrl=http://172.31.176.1:8080/actuator/health, serviceUrl=http://172.31.176.1:8080/) at spring-boot-admin ([http://127.0.0.1:8081/instances]): I/O error on POST request for "http://127.0.0.1:8081/instances": Connection refused: getsockopt. Further attempts are logged on DEBUG level
2024-11-19T16:06:33.041-03:00  INFO 42660 --- [SpringApplicationShutdownHook] j.LocalContainerEntityManagerFactoryBean : Closing JPA EntityManagerFactory for persistence unit 'default'
2024-11-19T16:06:33.048-03:00  WARN 42660 --- [SpringApplicationShutdownHook] o.s.b.f.support.DisposableBeanAdapter    : Invocation of destroy method failed on bean with name 'inMemoryDatabaseShutdownExecutor': org.h2.jdbc.JdbcSQLNonTransientConnectionException: Database is already closed (to disable automatic closing at VM shutdown, add ";DB_CLOSE_ON_EXIT=FALSE" to the db URL) [90121-224]
2024-11-19T16:06:33.050-03:00  INFO 42660 --- [SpringApplicationShutdownHook] com.zaxxer.hikari.HikariDataSource       : HikariPool-1 - Shutdown initiated...
2024-11-19T16:06:33.053-03:00  INFO 42660 --- [SpringApplicationShutdownHook] com.zaxxer.hikari.HikariDataSource       : HikariPool-1 - Shutdown completed.
