2024-11-18T16:54:52.030-03:00  INFO 28876 --- [main] b.e.u.p.pw45s.server.UserControllerTest  : Starting UserControllerTest using Java 21.0.2 with PID 28876 (started by vinic in D:\dev\utfpr\aulas\pw26s-pw45s\aula4\server)
2024-11-18T16:54:52.034-03:00  INFO 28876 --- [main] b.e.u.p.pw45s.server.UserControllerTest  : The following 1 profile is active: "test"
2024-11-18T16:54:56.550-03:00  INFO 28876 --- [main] .s.d.r.c.RepositoryConfigurationDelegate : Bootstrapping Spring Data JPA repositories in DEFAULT mode.
2024-11-18T16:54:56.730-03:00  INFO 28876 --- [main] .s.d.r.c.RepositoryConfigurationDelegate : Finished Spring Data repository scanning in 160 ms. Found 4 JPA repository interfaces.
2024-11-18T16:54:59.836-03:00  INFO 28876 --- [main] o.s.b.w.embedded.tomcat.TomcatWebServer  : Tomcat initialized with port 0 (http)
2024-11-18T16:54:59.876-03:00  INFO 28876 --- [main] o.apache.catalina.core.StandardService   : Starting service [Tomcat]
2024-11-18T16:54:59.878-03:00  INFO 28876 --- [main] o.apache.catalina.core.StandardEngine    : Starting Servlet engine: [Apache Tomcat/10.1.31]
2024-11-18T16:55:00.084-03:00  INFO 28876 --- [main] o.a.c.c.C.[Tomcat].[localhost].[/]       : Initializing Spring embedded WebApplicationContext
2024-11-18T16:55:00.084-03:00  INFO 28876 --- [main] w.s.c.ServletWebServerApplicationContext : Root WebApplicationContext: initialization completed in 7981 ms
2024-11-18T16:55:00.385-03:00  INFO 28876 --- [main] com.zaxxer.hikari.HikariDataSource       : HikariPool-1 - Starting...
2024-11-18T16:55:00.878-03:00  INFO 28876 --- [main] com.zaxxer.hikari.pool.HikariPool        : HikariPool-1 - Added connection conn0: url=jdbc:h2:mem:testdb user=SA
2024-11-18T16:55:00.881-03:00  INFO 28876 --- [main] com.zaxxer.hikari.HikariDataSource       : HikariPool-1 - Start completed.
2024-11-18T16:55:00.916-03:00  INFO 28876 --- [main] o.s.b.a.h2.H2ConsoleAutoConfiguration    : H2 console available at '/h2-console'. Database available at 'jdbc:h2:mem:testdb'
2024-11-18T16:55:01.608-03:00  INFO 28876 --- [main] org.flywaydb.core.FlywayExecutor         : Database: jdbc:h2:mem:testdb (H2 2.2)
2024-11-18T16:55:01.618-03:00  WARN 28876 --- [main] o.f.c.internal.database.base.Database    : Flyway upgrade recommended: H2 2.2.224 is newer than this version of Flyway and support has not been tested. The latest supported version of H2 is 2.2.220.
2024-11-18T16:55:01.674-03:00  INFO 28876 --- [main] o.f.c.i.s.JdbcTableSchemaHistory         : Schema history table "PUBLIC"."flyway_schema_history" does not exist yet
2024-11-18T16:55:01.681-03:00  INFO 28876 --- [main] o.f.core.internal.command.DbValidate     : Successfully validated 1 migration (execution time 00:00.037s)
2024-11-18T16:55:01.702-03:00  INFO 28876 --- [main] o.f.c.i.s.JdbcTableSchemaHistory         : Creating Schema History table "PUBLIC"."flyway_schema_history" ...
2024-11-18T16:55:01.808-03:00  INFO 28876 --- [main] o.f.core.internal.command.DbMigrate      : Current version of schema "PUBLIC": << Empty Schema >>
2024-11-18T16:55:01.827-03:00  INFO 28876 --- [main] o.f.core.internal.command.DbMigrate      : Migrating schema "PUBLIC" to version "1.0 - Init"
2024-11-18T16:55:01.933-03:00  INFO 28876 --- [main] o.f.core.internal.command.DbMigrate      : Successfully applied 1 migration to schema "PUBLIC", now at version v1.0 (execution time 00:00.065s)
2024-11-18T16:55:02.114-03:00  INFO 28876 --- [main] o.hibernate.jpa.internal.util.LogHelper  : HHH000204: Processing PersistenceUnitInfo [name: default]
2024-11-18T16:55:02.233-03:00  INFO 28876 --- [main] org.hibernate.Version                    : HHH000412: Hibernate ORM core version 6.5.3.Final
2024-11-18T16:55:02.252-03:00  WARN 28876 --- [main] org.hibernate.orm.deprecation            : HHH90000021: Encountered deprecated setting [javax.persistence.validation.mode], use [jakarta.persistence.validation.mode] instead
2024-11-18T16:55:02.320-03:00  INFO 28876 --- [main] o.h.c.internal.RegionFactoryInitiator    : HHH000026: Second-level cache disabled
2024-11-18T16:55:03.133-03:00  INFO 28876 --- [main] o.s.o.j.p.SpringPersistenceUnitInfo      : No LoadTimeWeaver setup: ignoring JPA class transformer
2024-11-18T16:55:05.155-03:00  INFO 28876 --- [main] o.h.e.t.j.p.i.JtaPlatformInitiator       : HHH000489: No JTA platform available (set 'hibernate.transaction.jta.platform' to enable JTA platform integration)
2024-11-18T16:55:05.232-03:00  INFO 28876 --- [main] j.LocalContainerEntityManagerFactoryBean : Initialized JPA EntityManagerFactory for persistence unit 'default'
2024-11-18T16:55:08.109-03:00  WARN 28876 --- [main] JpaBaseConfiguration$JpaWebConfiguration : spring.jpa.open-in-view is enabled by default. Therefore, database queries may be performed during view rendering. Explicitly configure spring.jpa.open-in-view to disable this warning
2024-11-18T16:55:08.316-03:00  INFO 28876 --- [main] r$InitializeUserDetailsManagerConfigurer : Global AuthenticationManager configured with UserDetailsService bean with name authService
2024-11-18T16:55:09.503-03:00  INFO 28876 --- [main] o.s.b.a.e.web.EndpointLinksResolver      : Exposing 16 endpoints beneath base path '/actuator'
2024-11-18T16:55:10.908-03:00  INFO 28876 --- [main] o.s.b.w.embedded.tomcat.TomcatWebServer  : Tomcat started on port 51343 (http) with context path '/'
2024-11-18T16:55:10.950-03:00  INFO 28876 --- [main] b.e.u.p.pw45s.server.UserControllerTest  : Started UserControllerTest in 20.205 seconds (process running for 23.019)
2024-11-18T16:55:11.039-03:00  WARN 28876 --- [registrationTask1] d.c.b.a.c.r.ApplicationRegistrator       : Failed to register application as Application(name=spring-boot-application, managementUrl=http://192.168.56.1:51343/actuator, healthUrl=http://192.168.56.1:51343/actuator/health, serviceUrl=http://192.168.56.1:51343/) at spring-boot-admin ([http://127.0.0.1:8081/instances]): I/O error on POST request for "http://127.0.0.1:8081/instances": Connection refused: getsockopt. Further attempts are logged on DEBUG level
2024-11-18T16:55:12.195-03:00  INFO 28876 --- [http-nio-auto-1-exec-3] o.a.c.c.C.[Tomcat].[localhost].[/]       : Initializing Spring DispatcherServlet 'dispatcherServlet'
2024-11-18T16:55:12.196-03:00  INFO 28876 --- [http-nio-auto-1-exec-3] o.s.web.servlet.DispatcherServlet        : Initializing Servlet 'dispatcherServlet'
2024-11-18T16:55:12.199-03:00  INFO 28876 --- [http-nio-auto-1-exec-3] o.s.web.servlet.DispatcherServlet        : Completed initialization in 3 ms
2024-11-18T16:55:12.438-03:00  INFO 28876 --- [http-nio-auto-1-exec-3] b.e.u.p.p.s.controller.UserController    : Creating new user with username: test-user
2024-11-18T16:55:12.585-03:00  INFO 28876 --- [http-nio-auto-1-exec-3] b.e.u.p.p.s.controller.UserController    : New user created with id: 1
2024-11-18T16:55:13.204-03:00  INFO 28876 --- [http-nio-auto-1-exec-4] b.e.u.p.p.s.controller.UserController    : Creating new user with username: test-user
2024-11-18T16:55:13.301-03:00  INFO 28876 --- [http-nio-auto-1-exec-4] b.e.u.p.p.s.controller.UserController    : New user created with id: 2
2024-11-18T16:55:13.333-03:00  INFO 28876 --- [http-nio-auto-1-exec-5] b.e.u.p.p.s.controller.UserController    : Creating new user with username: test-user
2024-11-18T16:55:13.439-03:00  INFO 28876 --- [http-nio-auto-1-exec-5] b.e.u.p.p.s.controller.UserController    : New user created with id: 3
2024-11-18T16:55:13.694-03:00  INFO 28876 --- [http-nio-auto-1-exec-2] b.e.u.p.p.s.controller.UserController    : Creating new user with username: test-user
2024-11-18T16:55:13.837-03:00  INFO 28876 --- [http-nio-auto-1-exec-2] b.e.u.p.p.s.controller.UserController    : New user created with id: 4
2024-11-18T16:55:13.895-03:00  INFO 28876 --- [http-nio-auto-1-exec-7] b.e.u.p.p.s.controller.UserController    : Creating new user with username: test-user
2024-11-18T16:55:14.070-03:00  INFO 28876 --- [http-nio-auto-1-exec-7] b.e.u.p.p.s.controller.UserController    : New user created with id: 5
2024-11-18T16:55:14.338-03:00  INFO 28876 --- [SpringApplicationShutdownHook] j.LocalContainerEntityManagerFactoryBean : Closing JPA EntityManagerFactory for persistence unit 'default'
2024-11-18T16:55:14.352-03:00  INFO 28876 --- [SpringApplicationShutdownHook] com.zaxxer.hikari.HikariDataSource       : HikariPool-1 - Shutdown initiated...
2024-11-18T16:55:14.362-03:00  INFO 28876 --- [SpringApplicationShutdownHook] com.zaxxer.hikari.HikariDataSource       : HikariPool-1 - Shutdown completed.
2024-11-18T17:08:55.918-03:00  INFO 18176 --- [main] b.e.u.p.pw45s.server.UserControllerTest  : Starting UserControllerTest using Java 21.0.2 with PID 18176 (started by vinic in D:\dev\utfpr\aulas\pw26s-pw45s\aula4\server)
2024-11-18T17:08:55.920-03:00  INFO 18176 --- [main] b.e.u.p.pw45s.server.UserControllerTest  : The following 1 profile is active: "test"
2024-11-18T17:08:58.289-03:00  INFO 18176 --- [main] .s.d.r.c.RepositoryConfigurationDelegate : Bootstrapping Spring Data JPA repositories in DEFAULT mode.
2024-11-18T17:08:58.397-03:00  INFO 18176 --- [main] .s.d.r.c.RepositoryConfigurationDelegate : Finished Spring Data repository scanning in 91 ms. Found 4 JPA repository interfaces.
2024-11-18T17:08:59.958-03:00  INFO 18176 --- [main] o.s.b.w.embedded.tomcat.TomcatWebServer  : Tomcat initialized with port 0 (http)
2024-11-18T17:08:59.978-03:00  INFO 18176 --- [main] o.apache.catalina.core.StandardService   : Starting service [Tomcat]
2024-11-18T17:08:59.979-03:00  INFO 18176 --- [main] o.apache.catalina.core.StandardEngine    : Starting Servlet engine: [Apache Tomcat/10.1.31]
2024-11-18T17:09:00.112-03:00  INFO 18176 --- [main] o.a.c.c.C.[Tomcat].[localhost].[/]       : Initializing Spring embedded WebApplicationContext
2024-11-18T17:09:00.113-03:00  INFO 18176 --- [main] w.s.c.ServletWebServerApplicationContext : Root WebApplicationContext: initialization completed in 4165 ms
2024-11-18T17:09:00.405-03:00  INFO 18176 --- [main] com.zaxxer.hikari.HikariDataSource       : HikariPool-1 - Starting...
2024-11-18T17:09:00.811-03:00  INFO 18176 --- [main] com.zaxxer.hikari.pool.HikariPool        : HikariPool-1 - Added connection conn0: url=jdbc:h2:mem:testdb user=SA
2024-11-18T17:09:00.815-03:00  INFO 18176 --- [main] com.zaxxer.hikari.HikariDataSource       : HikariPool-1 - Start completed.
2024-11-18T17:09:00.834-03:00  INFO 18176 --- [main] o.s.b.a.h2.H2ConsoleAutoConfiguration    : H2 console available at '/h2-console'. Database available at 'jdbc:h2:mem:testdb'
2024-11-18T17:09:01.411-03:00  INFO 18176 --- [main] org.flywaydb.core.FlywayExecutor         : Database: jdbc:h2:mem:testdb (H2 2.2)
2024-11-18T17:09:01.419-03:00  WARN 18176 --- [main] o.f.c.internal.database.base.Database    : Flyway upgrade recommended: H2 2.2.224 is newer than this version of Flyway and support has not been tested. The latest supported version of H2 is 2.2.220.
2024-11-18T17:09:01.464-03:00  INFO 18176 --- [main] o.f.c.i.s.JdbcTableSchemaHistory         : Schema history table "PUBLIC"."flyway_schema_history" does not exist yet
2024-11-18T17:09:01.468-03:00  INFO 18176 --- [main] o.f.core.internal.command.DbValidate     : Successfully validated 1 migration (execution time 00:00.033s)
2024-11-18T17:09:01.480-03:00  INFO 18176 --- [main] o.f.c.i.s.JdbcTableSchemaHistory         : Creating Schema History table "PUBLIC"."flyway_schema_history" ...
2024-11-18T17:09:01.546-03:00  INFO 18176 --- [main] o.f.core.internal.command.DbMigrate      : Current version of schema "PUBLIC": << Empty Schema >>
2024-11-18T17:09:01.563-03:00  INFO 18176 --- [main] o.f.core.internal.command.DbMigrate      : Migrating schema "PUBLIC" to version "1.0 - Init"
2024-11-18T17:09:01.630-03:00  INFO 18176 --- [main] o.f.core.internal.command.DbMigrate      : Successfully applied 1 migration to schema "PUBLIC", now at version v1.0 (execution time 00:00.038s)
2024-11-18T17:09:01.836-03:00  INFO 18176 --- [main] o.hibernate.jpa.internal.util.LogHelper  : HHH000204: Processing PersistenceUnitInfo [name: default]
2024-11-18T17:09:01.944-03:00  INFO 18176 --- [main] org.hibernate.Version                    : HHH000412: Hibernate ORM core version 6.5.3.Final
2024-11-18T17:09:01.956-03:00  WARN 18176 --- [main] org.hibernate.orm.deprecation            : HHH90000021: Encountered deprecated setting [javax.persistence.validation.mode], use [jakarta.persistence.validation.mode] instead
2024-11-18T17:09:02.037-03:00  INFO 18176 --- [main] o.h.c.internal.RegionFactoryInitiator    : HHH000026: Second-level cache disabled
2024-11-18T17:09:02.796-03:00  INFO 18176 --- [main] o.s.o.j.p.SpringPersistenceUnitInfo      : No LoadTimeWeaver setup: ignoring JPA class transformer
2024-11-18T17:09:04.772-03:00  INFO 18176 --- [main] o.h.e.t.j.p.i.JtaPlatformInitiator       : HHH000489: No JTA platform available (set 'hibernate.transaction.jta.platform' to enable JTA platform integration)
2024-11-18T17:09:04.839-03:00  INFO 18176 --- [main] j.LocalContainerEntityManagerFactoryBean : Initialized JPA EntityManagerFactory for persistence unit 'default'
2024-11-18T17:09:06.068-03:00  WARN 18176 --- [main] JpaBaseConfiguration$JpaWebConfiguration : spring.jpa.open-in-view is enabled by default. Therefore, database queries may be performed during view rendering. Explicitly configure spring.jpa.open-in-view to disable this warning
2024-11-18T17:09:06.143-03:00  INFO 18176 --- [main] r$InitializeUserDetailsManagerConfigurer : Global AuthenticationManager configured with UserDetailsService bean with name authService
2024-11-18T17:09:07.181-03:00  INFO 18176 --- [main] o.s.b.a.e.web.EndpointLinksResolver      : Exposing 16 endpoints beneath base path '/actuator'
2024-11-18T17:09:08.528-03:00  INFO 18176 --- [main] o.s.b.w.embedded.tomcat.TomcatWebServer  : Tomcat started on port 52495 (http) with context path '/'
2024-11-18T17:09:08.554-03:00  INFO 18176 --- [main] b.e.u.p.pw45s.server.UserControllerTest  : Started UserControllerTest in 13.361 seconds (process running for 15.752)
2024-11-18T17:09:08.655-03:00  WARN 18176 --- [registrationTask1] d.c.b.a.c.r.ApplicationRegistrator       : Failed to register application as Application(name=spring-boot-application, managementUrl=http://192.168.56.1:52495/actuator, healthUrl=http://192.168.56.1:52495/actuator/health, serviceUrl=http://192.168.56.1:52495/) at spring-boot-admin ([http://127.0.0.1:8081/instances]): I/O error on POST request for "http://127.0.0.1:8081/instances": Connection refused: getsockopt. Further attempts are logged on DEBUG level
2024-11-18T17:09:10.016-03:00  INFO 18176 --- [http-nio-auto-1-exec-1] o.a.c.c.C.[Tomcat].[localhost].[/]       : Initializing Spring DispatcherServlet 'dispatcherServlet'
2024-11-18T17:09:10.017-03:00  INFO 18176 --- [http-nio-auto-1-exec-1] o.s.web.servlet.DispatcherServlet        : Initializing Servlet 'dispatcherServlet'
2024-11-18T17:09:10.022-03:00  INFO 18176 --- [http-nio-auto-1-exec-1] o.s.web.servlet.DispatcherServlet        : Completed initialization in 4 ms
2024-11-18T17:09:10.285-03:00  INFO 18176 --- [http-nio-auto-1-exec-1] b.e.u.p.p.s.controller.UserController    : Creating new user with username: test-user
2024-11-18T17:09:10.481-03:00  INFO 18176 --- [http-nio-auto-1-exec-1] b.e.u.p.p.s.controller.UserController    : New user created with id: 1
2024-11-18T17:09:11.053-03:00  INFO 18176 --- [http-nio-auto-1-exec-2] b.e.u.p.p.s.controller.UserController    : Creating new user with username: test-user
2024-11-18T17:09:11.172-03:00  INFO 18176 --- [http-nio-auto-1-exec-2] b.e.u.p.p.s.controller.UserController    : New user created with id: 2
2024-11-18T17:09:11.221-03:00  INFO 18176 --- [http-nio-auto-1-exec-3] b.e.u.p.p.s.controller.UserController    : Creating new user with username: test-user
2024-11-18T17:09:11.322-03:00  INFO 18176 --- [http-nio-auto-1-exec-3] b.e.u.p.p.s.controller.UserController    : New user created with id: 3
2024-11-18T17:09:11.568-03:00  INFO 18176 --- [http-nio-auto-1-exec-8] b.e.u.p.p.s.controller.UserController    : Creating new user with username: test-user
2024-11-18T17:09:11.683-03:00  INFO 18176 --- [http-nio-auto-1-exec-8] b.e.u.p.p.s.controller.UserController    : New user created with id: 4
2024-11-18T17:09:11.721-03:00  INFO 18176 --- [http-nio-auto-1-exec-9] b.e.u.p.p.s.controller.UserController    : Creating new user with username: test-user
2024-11-18T17:09:11.846-03:00  INFO 18176 --- [http-nio-auto-1-exec-9] b.e.u.p.p.s.controller.UserController    : New user created with id: 5
2024-11-18T17:09:12.081-03:00  INFO 18176 --- [SpringApplicationShutdownHook] j.LocalContainerEntityManagerFactoryBean : Closing JPA EntityManagerFactory for persistence unit 'default'
2024-11-18T17:09:12.096-03:00  INFO 18176 --- [SpringApplicationShutdownHook] com.zaxxer.hikari.HikariDataSource       : HikariPool-1 - Shutdown initiated...
2024-11-18T17:09:12.104-03:00  INFO 18176 --- [SpringApplicationShutdownHook] com.zaxxer.hikari.HikariDataSource       : HikariPool-1 - Shutdown completed.
2024-11-18T17:10:11.885-03:00  INFO 29720 --- [main] b.e.u.p.pw45s.server.UserControllerTest  : Starting UserControllerTest using Java 21.0.2 with PID 29720 (started by vinic in D:\dev\utfpr\aulas\pw26s-pw45s\aula4\server)
2024-11-18T17:10:11.888-03:00  INFO 29720 --- [main] b.e.u.p.pw45s.server.UserControllerTest  : The following 1 profile is active: "test"
2024-11-18T17:10:14.383-03:00  INFO 29720 --- [main] .s.d.r.c.RepositoryConfigurationDelegate : Bootstrapping Spring Data JPA repositories in DEFAULT mode.
2024-11-18T17:10:14.519-03:00  INFO 29720 --- [main] .s.d.r.c.RepositoryConfigurationDelegate : Finished Spring Data repository scanning in 115 ms. Found 4 JPA repository interfaces.
2024-11-18T17:10:16.264-03:00  INFO 29720 --- [main] o.s.b.w.embedded.tomcat.TomcatWebServer  : Tomcat initialized with port 0 (http)
2024-11-18T17:10:16.290-03:00  INFO 29720 --- [main] o.apache.catalina.core.StandardService   : Starting service [Tomcat]
2024-11-18T17:10:16.291-03:00  INFO 29720 --- [main] o.apache.catalina.core.StandardEngine    : Starting Servlet engine: [Apache Tomcat/10.1.31]
2024-11-18T17:10:16.486-03:00  INFO 29720 --- [main] o.a.c.c.C.[Tomcat].[localhost].[/]       : Initializing Spring embedded WebApplicationContext
2024-11-18T17:10:16.487-03:00  INFO 29720 --- [main] w.s.c.ServletWebServerApplicationContext : Root WebApplicationContext: initialization completed in 4572 ms
2024-11-18T17:10:16.761-03:00  INFO 29720 --- [main] com.zaxxer.hikari.HikariDataSource       : HikariPool-1 - Starting...
2024-11-18T17:10:17.108-03:00  INFO 29720 --- [main] com.zaxxer.hikari.pool.HikariPool        : HikariPool-1 - Added connection conn0: url=jdbc:h2:mem:testdb user=SA
2024-11-18T17:10:17.113-03:00  INFO 29720 --- [main] com.zaxxer.hikari.HikariDataSource       : HikariPool-1 - Start completed.
2024-11-18T17:10:17.153-03:00  INFO 29720 --- [main] o.s.b.a.h2.H2ConsoleAutoConfiguration    : H2 console available at '/h2-console'. Database available at 'jdbc:h2:mem:testdb'
2024-11-18T17:10:17.963-03:00  INFO 29720 --- [main] org.flywaydb.core.FlywayExecutor         : Database: jdbc:h2:mem:testdb (H2 2.2)
2024-11-18T17:10:17.984-03:00  WARN 29720 --- [main] o.f.c.internal.database.base.Database    : Flyway upgrade recommended: H2 2.2.224 is newer than this version of Flyway and support has not been tested. The latest supported version of H2 is 2.2.220.
2024-11-18T17:10:18.059-03:00  INFO 29720 --- [main] o.f.c.i.s.JdbcTableSchemaHistory         : Schema history table "PUBLIC"."flyway_schema_history" does not exist yet
2024-11-18T17:10:18.065-03:00  INFO 29720 --- [main] o.f.core.internal.command.DbValidate     : Successfully validated 1 migration (execution time 00:00.041s)
2024-11-18T17:10:18.082-03:00  INFO 29720 --- [main] o.f.c.i.s.JdbcTableSchemaHistory         : Creating Schema History table "PUBLIC"."flyway_schema_history" ...
2024-11-18T17:10:18.156-03:00  INFO 29720 --- [main] o.f.core.internal.command.DbMigrate      : Current version of schema "PUBLIC": << Empty Schema >>
2024-11-18T17:10:18.173-03:00  INFO 29720 --- [main] o.f.core.internal.command.DbMigrate      : Migrating schema "PUBLIC" to version "1.0 - Init"
2024-11-18T17:10:18.262-03:00  INFO 29720 --- [main] o.f.core.internal.command.DbMigrate      : Successfully applied 1 migration to schema "PUBLIC", now at version v1.0 (execution time 00:00.049s)
2024-11-18T17:10:18.531-03:00  INFO 29720 --- [main] o.hibernate.jpa.internal.util.LogHelper  : HHH000204: Processing PersistenceUnitInfo [name: default]
2024-11-18T17:10:18.700-03:00  INFO 29720 --- [main] org.hibernate.Version                    : HHH000412: Hibernate ORM core version 6.5.3.Final
2024-11-18T17:10:18.715-03:00  WARN 29720 --- [main] org.hibernate.orm.deprecation            : HHH90000021: Encountered deprecated setting [javax.persistence.validation.mode], use [jakarta.persistence.validation.mode] instead
2024-11-18T17:10:18.898-03:00  INFO 29720 --- [main] o.h.c.internal.RegionFactoryInitiator    : HHH000026: Second-level cache disabled
2024-11-18T17:10:19.824-03:00  INFO 29720 --- [main] o.s.o.j.p.SpringPersistenceUnitInfo      : No LoadTimeWeaver setup: ignoring JPA class transformer
2024-11-18T17:10:21.284-03:00  INFO 29720 --- [main] o.h.e.t.j.p.i.JtaPlatformInitiator       : HHH000489: No JTA platform available (set 'hibernate.transaction.jta.platform' to enable JTA platform integration)
2024-11-18T17:10:21.333-03:00  INFO 29720 --- [main] j.LocalContainerEntityManagerFactoryBean : Initialized JPA EntityManagerFactory for persistence unit 'default'
2024-11-18T17:10:22.502-03:00  WARN 29720 --- [main] JpaBaseConfiguration$JpaWebConfiguration : spring.jpa.open-in-view is enabled by default. Therefore, database queries may be performed during view rendering. Explicitly configure spring.jpa.open-in-view to disable this warning
2024-11-18T17:10:22.570-03:00  INFO 29720 --- [main] r$InitializeUserDetailsManagerConfigurer : Global AuthenticationManager configured with UserDetailsService bean with name authService
2024-11-18T17:10:23.543-03:00  INFO 29720 --- [main] o.s.b.a.e.web.EndpointLinksResolver      : Exposing 16 endpoints beneath base path '/actuator'
2024-11-18T17:10:24.961-03:00  INFO 29720 --- [main] o.s.b.w.embedded.tomcat.TomcatWebServer  : Tomcat started on port 52597 (http) with context path '/'
2024-11-18T17:10:24.997-03:00  INFO 29720 --- [main] b.e.u.p.pw45s.server.UserControllerTest  : Started UserControllerTest in 13.842 seconds (process running for 16.207)
2024-11-18T17:10:25.074-03:00  WARN 29720 --- [registrationTask1] d.c.b.a.c.r.ApplicationRegistrator       : Failed to register application as Application(name=spring-boot-application, managementUrl=http://192.168.56.1:52597/actuator, healthUrl=http://192.168.56.1:52597/actuator/health, serviceUrl=http://192.168.56.1:52597/) at spring-boot-admin ([http://127.0.0.1:8081/instances]): I/O error on POST request for "http://127.0.0.1:8081/instances": Connection refused: getsockopt. Further attempts are logged on DEBUG level
2024-11-18T17:10:25.993-03:00  INFO 29720 --- [http-nio-auto-1-exec-1] o.a.c.c.C.[Tomcat].[localhost].[/]       : Initializing Spring DispatcherServlet 'dispatcherServlet'
2024-11-18T17:10:25.993-03:00  INFO 29720 --- [http-nio-auto-1-exec-1] o.s.web.servlet.DispatcherServlet        : Initializing Servlet 'dispatcherServlet'
2024-11-18T17:10:25.996-03:00  INFO 29720 --- [http-nio-auto-1-exec-1] o.s.web.servlet.DispatcherServlet        : Completed initialization in 2 ms
2024-11-18T17:10:26.231-03:00  INFO 29720 --- [http-nio-auto-1-exec-1] b.e.u.p.p.s.controller.UserController    : Creating new user with username: test-user
2024-11-18T17:10:26.414-03:00  INFO 29720 --- [http-nio-auto-1-exec-1] b.e.u.p.p.s.controller.UserController    : New user created with id: 1
2024-11-18T17:10:26.970-03:00  INFO 29720 --- [http-nio-auto-1-exec-2] b.e.u.p.p.s.controller.UserController    : Creating new user with username: test-user
2024-11-18T17:10:27.070-03:00  INFO 29720 --- [http-nio-auto-1-exec-2] b.e.u.p.p.s.controller.UserController    : New user created with id: 2
2024-11-18T17:10:27.108-03:00  INFO 29720 --- [http-nio-auto-1-exec-3] b.e.u.p.p.s.controller.UserController    : Creating new user with username: test-user
2024-11-18T17:10:27.210-03:00  INFO 29720 --- [http-nio-auto-1-exec-3] b.e.u.p.p.s.controller.UserController    : New user created with id: 3
2024-11-18T17:10:27.446-03:00  INFO 29720 --- [http-nio-auto-1-exec-8] b.e.u.p.p.s.controller.UserController    : Creating new user with username: test-user
2024-11-18T17:10:27.568-03:00  INFO 29720 --- [http-nio-auto-1-exec-8] b.e.u.p.p.s.controller.UserController    : New user created with id: 4
2024-11-18T17:10:27.607-03:00  INFO 29720 --- [http-nio-auto-1-exec-9] b.e.u.p.p.s.controller.UserController    : Creating new user with username: test-user
2024-11-18T17:10:27.741-03:00  INFO 29720 --- [http-nio-auto-1-exec-9] b.e.u.p.p.s.controller.UserController    : New user created with id: 5
2024-11-18T17:10:27.895-03:00  INFO 29720 --- [SpringApplicationShutdownHook] j.LocalContainerEntityManagerFactoryBean : Closing JPA EntityManagerFactory for persistence unit 'default'
2024-11-18T17:10:27.904-03:00  INFO 29720 --- [SpringApplicationShutdownHook] com.zaxxer.hikari.HikariDataSource       : HikariPool-1 - Shutdown initiated...
2024-11-18T17:10:27.910-03:00  INFO 29720 --- [SpringApplicationShutdownHook] com.zaxxer.hikari.HikariDataSource       : HikariPool-1 - Shutdown completed.
