2024-10-29T16:23:58.026-03:00  INFO 30676 --- [restartedMain] b.e.u.pb.pw26s.server.ServerApplication  : Starting ServerApplication using Java 17 with PID 30676 (D:\dev\utfpr\aulas\pw26s-pw45s-2024-2\aula5\server\target\classes started by vinic in D:\dev\utfpr\aulas\pw26s-pw45s-2024-2\aula5\server)
2024-10-29T16:23:58.034-03:00  INFO 30676 --- [restartedMain] b.e.u.pb.pw26s.server.ServerApplication  : The following 1 profile is active: "dev"
2024-10-29T16:23:58.099-03:00  INFO 30676 --- [restartedMain] .e.DevToolsPropertyDefaultsPostProcessor : Devtools property defaults active! Set 'spring.devtools.add-properties' to 'false' to disable
2024-10-29T16:23:58.099-03:00  INFO 30676 --- [restartedMain] .e.DevToolsPropertyDefaultsPostProcessor : For additional web related logging consider setting the 'logging.level.web' property to 'DEBUG'
2024-10-29T16:23:59.350-03:00  INFO 30676 --- [restartedMain] .s.d.r.c.RepositoryConfigurationDelegate : Bootstrapping Spring Data JPA repositories in DEFAULT mode.
2024-10-29T16:23:59.426-03:00  INFO 30676 --- [restartedMain] .s.d.r.c.RepositoryConfigurationDelegate : Finished Spring Data repository scanning in 69 ms. Found 4 JPA repository interfaces.
2024-10-29T16:24:00.065-03:00  INFO 30676 --- [restartedMain] o.s.b.w.embedded.tomcat.TomcatWebServer  : Tomcat initialized with port(s): 8080 (http)
2024-10-29T16:24:00.073-03:00  INFO 30676 --- [restartedMain] o.apache.catalina.core.StandardService   : Starting service [Tomcat]
2024-10-29T16:24:00.074-03:00  INFO 30676 --- [restartedMain] o.apache.catalina.core.StandardEngine    : Starting Servlet engine: [Apache Tomcat/10.1.11]
2024-10-29T16:24:00.146-03:00  INFO 30676 --- [restartedMain] o.a.c.c.C.[Tomcat].[localhost].[/]       : Initializing Spring embedded WebApplicationContext
2024-10-29T16:24:00.146-03:00  INFO 30676 --- [restartedMain] w.s.c.ServletWebServerApplicationContext : Root WebApplicationContext: initialization completed in 2046 ms
2024-10-29T16:24:00.228-03:00  INFO 30676 --- [restartedMain] com.zaxxer.hikari.HikariDataSource       : HikariPool-1 - Starting...
2024-10-29T16:24:00.435-03:00  INFO 30676 --- [restartedMain] com.zaxxer.hikari.pool.HikariPool        : HikariPool-1 - Added connection conn0: url=jdbc:h2:mem:pw26s-dev user=SA
2024-10-29T16:24:00.437-03:00  INFO 30676 --- [restartedMain] com.zaxxer.hikari.HikariDataSource       : HikariPool-1 - Start completed.
2024-10-29T16:24:00.446-03:00  INFO 30676 --- [restartedMain] o.s.b.a.h2.H2ConsoleAutoConfiguration    : H2 console available at '/h2-console'. Database available at 'jdbc:h2:mem:pw26s-dev'
2024-10-29T16:24:00.636-03:00  INFO 30676 --- [restartedMain] o.f.c.internal.license.VersionPrinter    : Flyway Community Edition 9.16.3 by Redgate
2024-10-29T16:24:00.636-03:00  INFO 30676 --- [restartedMain] o.f.c.internal.license.VersionPrinter    : See release notes here: https://rd.gt/416ObMi
2024-10-29T16:24:00.636-03:00  INFO 30676 --- [restartedMain] o.f.c.internal.license.VersionPrinter    : 
2024-10-29T16:24:00.659-03:00  INFO 30676 --- [restartedMain] o.f.c.i.database.base.BaseDatabaseType   : Database: jdbc:h2:mem:pw26s-dev (H2 2.1)
2024-10-29T16:24:00.752-03:00  INFO 30676 --- [restartedMain] o.f.c.i.s.JdbcTableSchemaHistory         : Schema history table "PUBLIC"."flyway_schema_history" does not exist yet
2024-10-29T16:24:00.755-03:00  INFO 30676 --- [restartedMain] o.f.core.internal.command.DbValidate     : Successfully validated 2 migrations (execution time 00:00.027s)
2024-10-29T16:24:00.761-03:00  INFO 30676 --- [restartedMain] o.f.c.i.s.JdbcTableSchemaHistory         : Creating Schema History table "PUBLIC"."flyway_schema_history" ...
2024-10-29T16:24:00.782-03:00  INFO 30676 --- [restartedMain] o.f.core.internal.command.DbMigrate      : Current version of schema "PUBLIC": << Empty Schema >>
2024-10-29T16:24:00.787-03:00  INFO 30676 --- [restartedMain] o.f.core.internal.command.DbMigrate      : Migrating schema "PUBLIC" to version "1.0 - Init"
2024-10-29T16:24:00.806-03:00  INFO 30676 --- [restartedMain] o.f.core.internal.command.DbMigrate      : Migrating schema "PUBLIC" to version "1.1 - Data"
2024-10-29T16:24:00.816-03:00  INFO 30676 --- [restartedMain] o.f.core.internal.command.DbMigrate      : Successfully applied 2 migrations to schema "PUBLIC", now at version v1.1 (execution time 00:00.036s)
2024-10-29T16:24:00.892-03:00  INFO 30676 --- [restartedMain] o.hibernate.jpa.internal.util.LogHelper  : HHH000204: Processing PersistenceUnitInfo [name: default]
2024-10-29T16:24:00.989-03:00  INFO 30676 --- [restartedMain] org.hibernate.Version                    : HHH000412: Hibernate ORM core version 6.2.6.Final
2024-10-29T16:24:00.994-03:00  INFO 30676 --- [restartedMain] org.hibernate.cfg.Environment            : HHH000406: Using bytecode reflection optimizer
2024-10-29T16:24:01.005-03:00  WARN 30676 --- [restartedMain] org.hibernate.orm.deprecation            : HHH90000021: Encountered deprecated setting [javax.persistence.validation.mode], use [jakarta.persistence.validation.mode] instead
2024-10-29T16:24:01.164-03:00  INFO 30676 --- [restartedMain] o.h.b.i.BytecodeProviderInitiator        : HHH000021: Bytecode provider name : bytebuddy
2024-10-29T16:24:01.290-03:00  INFO 30676 --- [restartedMain] o.s.o.j.p.SpringPersistenceUnitInfo      : No LoadTimeWeaver setup: ignoring JPA class transformer
2024-10-29T16:24:01.566-03:00  INFO 30676 --- [restartedMain] o.h.b.i.BytecodeProviderInitiator        : HHH000021: Bytecode provider name : bytebuddy
2024-10-29T16:24:02.189-03:00  INFO 30676 --- [restartedMain] o.h.e.t.j.p.i.JtaPlatformInitiator       : HHH000490: Using JtaPlatform implementation: [org.hibernate.engine.transaction.jta.platform.internal.NoJtaPlatform]
2024-10-29T16:24:02.192-03:00  INFO 30676 --- [restartedMain] j.LocalContainerEntityManagerFactoryBean : Initialized JPA EntityManagerFactory for persistence unit 'default'
2024-10-29T16:24:02.682-03:00  WARN 30676 --- [restartedMain] JpaBaseConfiguration$JpaWebConfiguration : spring.jpa.open-in-view is enabled by default. Therefore, database queries may be performed during view rendering. Explicitly configure spring.jpa.open-in-view to disable this warning
2024-10-29T16:24:02.806-03:00  INFO 30676 --- [restartedMain] o.s.s.web.DefaultSecurityFilterChain     : Will secure any request with [org.springframework.security.web.session.DisableEncodeUrlFilter@1e6297f1, org.springframework.security.web.context.request.async.WebAsyncManagerIntegrationFilter@678e3de5, org.springframework.security.web.context.SecurityContextHolderFilter@52410f62, org.springframework.security.web.header.HeaderWriterFilter@498a4977, org.springframework.web.filter.CorsFilter@5f4b04b2, org.springframework.security.web.authentication.logout.LogoutFilter@2b99cd7b, br.edu.utfpr.pb.pw26s.server.security.JWTAuthenticationFilter@104a6920, br.edu.utfpr.pb.pw26s.server.security.JWTAuthorizationFilter@1a1db9c7, org.springframework.security.web.savedrequest.RequestCacheAwareFilter@7d6cd84d, org.springframework.security.web.servletapi.SecurityContextHolderAwareRequestFilter@d97bd0e, org.springframework.security.web.authentication.AnonymousAuthenticationFilter@c6ace74, org.springframework.security.web.session.SessionManagementFilter@5b2ca1c, org.springframework.security.web.access.ExceptionTranslationFilter@65ec9530, org.springframework.security.web.access.intercept.AuthorizationFilter@49760c74]
2024-10-29T16:24:03.397-03:00  INFO 30676 --- [restartedMain] o.s.b.d.a.OptionalLiveReloadServer       : LiveReload server is running on port 35729
2024-10-29T16:24:03.401-03:00  INFO 30676 --- [restartedMain] o.s.b.a.e.web.EndpointLinksResolver      : Exposing 15 endpoint(s) beneath base path '/actuator'
2024-10-29T16:24:03.475-03:00  INFO 30676 --- [restartedMain] o.s.b.w.embedded.tomcat.TomcatWebServer  : Tomcat started on port(s): 8080 (http) with context path ''
2024-10-29T16:24:03.490-03:00  INFO 30676 --- [restartedMain] b.e.u.pb.pw26s.server.ServerApplication  : Started ServerApplication in 5.983 seconds (process running for 7.102)
2024-10-29T16:24:03.566-03:00  WARN 30676 --- [registrationTask1] d.c.b.a.c.r.ApplicationRegistrator       : Failed to register application as Application(name=spring-boot-application, managementUrl=http://172.18.48.1:8080/actuator, healthUrl=http://172.18.48.1:8080/actuator/health, serviceUrl=http://172.18.48.1:8080/) at spring-boot-admin ([http://127.0.0.1:8081/instances]): I/O error on POST request for "http://127.0.0.1:8081/instances": Connection refused: no further information. Further attempts are logged on DEBUG level
2024-10-29T16:24:03.888-03:00  INFO 30676 --- [RMI TCP Connection(3)-172.18.48.1] o.a.c.c.C.[Tomcat].[localhost].[/]       : Initializing Spring DispatcherServlet 'dispatcherServlet'
2024-10-29T16:24:03.888-03:00  INFO 30676 --- [RMI TCP Connection(3)-172.18.48.1] o.s.web.servlet.DispatcherServlet        : Initializing Servlet 'dispatcherServlet'
2024-10-29T16:24:03.892-03:00  INFO 30676 --- [RMI TCP Connection(3)-172.18.48.1] o.s.web.servlet.DispatcherServlet        : Completed initialization in 4 ms
2024-10-29T16:25:55.059-03:00  INFO 30676 --- [http-nio-8080-exec-3] b.e.u.p.p.s.s.s.GoogleTokenVerifier      : Validating token: eyJhbGciOiJSUzI1NiIsImtpZCI6ImM4OGQ4MDlmNGRiOTQzZGY1M2RhN2FjY2ZkNDc3NjRkMDViYTM5MWYiLCJ0eXAiOiJKV1QifQ.eyJpc3MiOiJodHRwczovL2FjY291bnRzLmdvb2dsZS5jb20iLCJhenAiOiIzMTAxMDk5MjM2NzQtbGE1dGhsNHM0dDBiMmFqcDZhY2RocTd0cmE3NGRuMzEuYXBwcy5nb29nbGV1c2VyY29udGVudC5jb20iLCJhdWQiOiIzMTAxMDk5MjM2NzQtbGE1dGhsNHM0dDBiMmFqcDZhY2RocTd0cmE3NGRuMzEuYXBwcy5nb29nbGV1c2VyY29udGVudC5jb20iLCJzdWIiOiIxMDE4Nzc3NDk4MTQ1NjA1NzM2MTUiLCJlbWFpbCI6InZpbmljaXVzcGVnb3JpbmlAZ21haWwuY29tIiwiZW1haWxfdmVyaWZpZWQiOnRydWUsIm5iZiI6MTczMDIyOTcwMiwibmFtZSI6IlZpbmljaXVzIFBlZ29yaW5pIiwicGljdHVyZSI6Imh0dHBzOi8vbGgzLmdvb2dsZXVzZXJjb250ZW50LmNvbS9hL0FDZzhvY0tOWm9aN05UcFBXMW9iRmhQWlB6cTVQNnctZF9jSUNQajZ2akZLWTZuWGJmcmc3RU02PXM5Ni1jIiwiZ2l2ZW5fbmFtZSI6IlZpbmljaXVzIiwiZmFtaWx5X25hbWUiOiJQZWdvcmluaSIsImlhdCI6MTczMDIzMDAwMiwiZXhwIjoxNzMwMjMzNjAyLCJqdGkiOiJjYzdhNjM2NGZhYmY3NDA1MTVkN2U0OGZkOGFkMzEzZjIyOTNlNGVjIn0.EesQcEARVTqXrMJuah3PzBfVY68NtU7AUpN-Qws2xFF7Gux9bC3ASh7l5BgpbQ5RQasAgXXKrAMSFI-wOECegV-mI0IKdwNvhJ6S0p6xSZwf_q0nh8wFUznUdEnkL4h-VZ73E9nhAAQftnsZRJAOkPseDer3Ibs5MBb5dpJhTATh24BR0fT_9n7W1jk2o_tpuferHmXbYwSDwasHR11SZljhdxtFno6pHbTasTBakNA4q2K4_Pzp9B36szqJ4aW6l5ijaTcJ1qJShngjAVXvcUUBDQGI76GVdD3TrR0dNBoK7mIgag7M63wUyVpTdNAnuuC-inS3Y0yXyjFsGPSWCQ
2024-10-29T16:26:15.981-03:00  INFO 30676 --- [http-nio-8080-exec-5] b.e.u.p.p.s.s.s.GoogleTokenVerifier      : Validating token: eyJhbGciOiJSUzI1NiIsImtpZCI6ImM4OGQ4MDlmNGRiOTQzZGY1M2RhN2FjY2ZkNDc3NjRkMDViYTM5MWYiLCJ0eXAiOiJKV1QifQ.eyJpc3MiOiJodHRwczovL2FjY291bnRzLmdvb2dsZS5jb20iLCJhenAiOiIzMTAxMDk5MjM2NzQtbGE1dGhsNHM0dDBiMmFqcDZhY2RocTd0cmE3NGRuMzEuYXBwcy5nb29nbGV1c2VyY29udGVudC5jb20iLCJhdWQiOiIzMTAxMDk5MjM2NzQtbGE1dGhsNHM0dDBiMmFqcDZhY2RocTd0cmE3NGRuMzEuYXBwcy5nb29nbGV1c2VyY29udGVudC5jb20iLCJzdWIiOiIxMDE4Nzc3NDk4MTQ1NjA1NzM2MTUiLCJlbWFpbCI6InZpbmljaXVzcGVnb3JpbmlAZ21haWwuY29tIiwiZW1haWxfdmVyaWZpZWQiOnRydWUsIm5iZiI6MTczMDIyOTcyMywibmFtZSI6IlZpbmljaXVzIFBlZ29yaW5pIiwicGljdHVyZSI6Imh0dHBzOi8vbGgzLmdvb2dsZXVzZXJjb250ZW50LmNvbS9hL0FDZzhvY0tOWm9aN05UcFBXMW9iRmhQWlB6cTVQNnctZF9jSUNQajZ2akZLWTZuWGJmcmc3RU02PXM5Ni1jIiwiZ2l2ZW5fbmFtZSI6IlZpbmljaXVzIiwiZmFtaWx5X25hbWUiOiJQZWdvcmluaSIsImlhdCI6MTczMDIzMDAyMywiZXhwIjoxNzMwMjMzNjIzLCJqdGkiOiI0NmY5NDE2OWQwMDc0YTE1OGZhNDJkYjQ0NDNhMjAxYTM5M2JiMDVhIn0.yX0rZN3DU8XlHmMVlL4ShsqRI37tv54u6xvqxQWyH02jDE1thdPo4Tk5JRqRRzNj9rSEShDQPhg9gHHwF-q8gUgAjTWuoJzY9wy70vWDetQ-DOXjFOfj5RlnpscyWYM7IEqyV40fpdKcNJI4boVbi1cKrHhJiagIQ2uKT61-fJg3-Oal_Z8_PpUwBX5TTZqz90yHha8iqWp_GobR0NbdCJny5Mbnj3nSMpeKtZ9Nlg6d3jgZQI9MNCsirVwhry951os7AhcxAirBGj5CAqqljnXjoAvNkcx55IftR5_S0Z8KsAO_ZGeipjFnYIn46AGJcjHI6vD6bMT2jpsYMWn3OA
2024-10-29T16:40:16.162-03:00  INFO 30676 --- [SpringApplicationShutdownHook] j.LocalContainerEntityManagerFactoryBean : Closing JPA EntityManagerFactory for persistence unit 'default'
2024-10-29T16:40:16.498-03:00  WARN 30676 --- [SpringApplicationShutdownHook] o.s.b.f.support.DisposableBeanAdapter    : Invocation of destroy method failed on bean with name 'inMemoryDatabaseShutdownExecutor': org.h2.jdbc.JdbcSQLNonTransientConnectionException: Database is already closed (to disable automatic closing at VM shutdown, add ";DB_CLOSE_ON_EXIT=FALSE" to the db URL) [90121-214]
2024-10-29T16:40:16.499-03:00  INFO 30676 --- [SpringApplicationShutdownHook] com.zaxxer.hikari.HikariDataSource       : HikariPool-1 - Shutdown initiated...
2024-10-29T16:40:16.653-03:00  INFO 30676 --- [SpringApplicationShutdownHook] com.zaxxer.hikari.HikariDataSource       : HikariPool-1 - Shutdown completed.
