2024-10-15T16:14:14.838-03:00  INFO 20492 --- [restartedMain] b.e.u.pb.pw26s.server.ServerApplication  : Starting ServerApplication using Java 17 with PID 20492 (D:\dev\utfpr\aulas\pw26s-pw45s-2024-2\aula3\server\target\classes started by vinic in D:\dev\utfpr\aulas\pw26s-pw45s-2024-2\aula3\server)
2024-10-15T16:14:14.843-03:00  INFO 20492 --- [restartedMain] b.e.u.pb.pw26s.server.ServerApplication  : The following 1 profile is active: "dev"
2024-10-15T16:14:14.897-03:00  INFO 20492 --- [restartedMain] .e.DevToolsPropertyDefaultsPostProcessor : Devtools property defaults active! Set 'spring.devtools.add-properties' to 'false' to disable
2024-10-15T16:14:14.898-03:00  INFO 20492 --- [restartedMain] .e.DevToolsPropertyDefaultsPostProcessor : For additional web related logging consider setting the 'logging.level.web' property to 'DEBUG'
2024-10-15T16:14:16.174-03:00  INFO 20492 --- [restartedMain] .s.d.r.c.RepositoryConfigurationDelegate : Bootstrapping Spring Data JPA repositories in DEFAULT mode.
2024-10-15T16:14:16.247-03:00  INFO 20492 --- [restartedMain] .s.d.r.c.RepositoryConfigurationDelegate : Finished Spring Data repository scanning in 66 ms. Found 4 JPA repository interfaces.
2024-10-15T16:14:16.881-03:00  INFO 20492 --- [restartedMain] o.s.b.w.embedded.tomcat.TomcatWebServer  : Tomcat initialized with port(s): 8080 (http)
2024-10-15T16:14:16.891-03:00  INFO 20492 --- [restartedMain] o.apache.catalina.core.StandardService   : Starting service [Tomcat]
2024-10-15T16:14:16.891-03:00  INFO 20492 --- [restartedMain] o.apache.catalina.core.StandardEngine    : Starting Servlet engine: [Apache Tomcat/10.1.11]
2024-10-15T16:14:16.977-03:00  INFO 20492 --- [restartedMain] o.a.c.c.C.[Tomcat].[localhost].[/]       : Initializing Spring embedded WebApplicationContext
2024-10-15T16:14:16.978-03:00  INFO 20492 --- [restartedMain] w.s.c.ServletWebServerApplicationContext : Root WebApplicationContext: initialization completed in 2078 ms
2024-10-15T16:14:17.069-03:00  INFO 20492 --- [restartedMain] com.zaxxer.hikari.HikariDataSource       : HikariPool-1 - Starting...
2024-10-15T16:14:17.327-03:00  INFO 20492 --- [restartedMain] com.zaxxer.hikari.pool.HikariPool        : HikariPool-1 - Added connection conn0: url=jdbc:h2:mem:pw26s-dev user=SA
2024-10-15T16:14:17.329-03:00  INFO 20492 --- [restartedMain] com.zaxxer.hikari.HikariDataSource       : HikariPool-1 - Start completed.
2024-10-15T16:14:17.341-03:00  INFO 20492 --- [restartedMain] o.s.b.a.h2.H2ConsoleAutoConfiguration    : H2 console available at '/h2-console'. Database available at 'jdbc:h2:mem:pw26s-dev'
2024-10-15T16:14:17.534-03:00  INFO 20492 --- [restartedMain] o.f.c.internal.license.VersionPrinter    : Flyway Community Edition 9.16.3 by Redgate
2024-10-15T16:14:17.534-03:00  INFO 20492 --- [restartedMain] o.f.c.internal.license.VersionPrinter    : See release notes here: https://rd.gt/416ObMi
2024-10-15T16:14:17.535-03:00  INFO 20492 --- [restartedMain] o.f.c.internal.license.VersionPrinter    : 
2024-10-15T16:14:17.549-03:00  INFO 20492 --- [restartedMain] o.f.c.i.database.base.BaseDatabaseType   : Database: jdbc:h2:mem:pw26s-dev (H2 2.1)
2024-10-15T16:14:17.606-03:00  INFO 20492 --- [restartedMain] o.f.c.i.s.JdbcTableSchemaHistory         : Schema history table "PUBLIC"."flyway_schema_history" does not exist yet
2024-10-15T16:14:17.609-03:00  INFO 20492 --- [restartedMain] o.f.core.internal.command.DbValidate     : Successfully validated 2 migrations (execution time 00:00.019s)
2024-10-15T16:14:17.616-03:00  INFO 20492 --- [restartedMain] o.f.c.i.s.JdbcTableSchemaHistory         : Creating Schema History table "PUBLIC"."flyway_schema_history" ...
2024-10-15T16:14:17.635-03:00  INFO 20492 --- [restartedMain] o.f.core.internal.command.DbMigrate      : Current version of schema "PUBLIC": << Empty Schema >>
2024-10-15T16:14:17.642-03:00  INFO 20492 --- [restartedMain] o.f.core.internal.command.DbMigrate      : Migrating schema "PUBLIC" to version "1.0 - Init"
2024-10-15T16:14:17.662-03:00  INFO 20492 --- [restartedMain] o.f.core.internal.command.DbMigrate      : Migrating schema "PUBLIC" to version "1.1 - Data"
2024-10-15T16:14:17.669-03:00  INFO 20492 --- [restartedMain] o.f.core.internal.command.DbMigrate      : Successfully applied 2 migrations to schema "PUBLIC", now at version v1.1 (execution time 00:00.036s)
2024-10-15T16:14:17.740-03:00  INFO 20492 --- [restartedMain] o.hibernate.jpa.internal.util.LogHelper  : HHH000204: Processing PersistenceUnitInfo [name: default]
2024-10-15T16:14:17.863-03:00  INFO 20492 --- [restartedMain] org.hibernate.Version                    : HHH000412: Hibernate ORM core version 6.2.6.Final
2024-10-15T16:14:17.868-03:00  INFO 20492 --- [restartedMain] org.hibernate.cfg.Environment            : HHH000406: Using bytecode reflection optimizer
2024-10-15T16:14:17.874-03:00  WARN 20492 --- [restartedMain] org.hibernate.orm.deprecation            : HHH90000021: Encountered deprecated setting [javax.persistence.validation.mode], use [jakarta.persistence.validation.mode] instead
2024-10-15T16:14:18.029-03:00  INFO 20492 --- [restartedMain] o.h.b.i.BytecodeProviderInitiator        : HHH000021: Bytecode provider name : bytebuddy
2024-10-15T16:14:18.170-03:00  INFO 20492 --- [restartedMain] o.s.o.j.p.SpringPersistenceUnitInfo      : No LoadTimeWeaver setup: ignoring JPA class transformer
2024-10-15T16:14:18.453-03:00  INFO 20492 --- [restartedMain] o.h.b.i.BytecodeProviderInitiator        : HHH000021: Bytecode provider name : bytebuddy
2024-10-15T16:14:19.084-03:00  INFO 20492 --- [restartedMain] o.h.e.t.j.p.i.JtaPlatformInitiator       : HHH000490: Using JtaPlatform implementation: [org.hibernate.engine.transaction.jta.platform.internal.NoJtaPlatform]
2024-10-15T16:14:19.086-03:00  INFO 20492 --- [restartedMain] j.LocalContainerEntityManagerFactoryBean : Initialized JPA EntityManagerFactory for persistence unit 'default'
2024-10-15T16:14:19.591-03:00  INFO 20492 --- [restartedMain] o.s.b.a.e.web.EndpointLinksResolver      : Exposing 15 endpoint(s) beneath base path '/actuator'
2024-10-15T16:14:19.722-03:00  WARN 20492 --- [restartedMain] JpaBaseConfiguration$JpaWebConfiguration : spring.jpa.open-in-view is enabled by default. Therefore, database queries may be performed during view rendering. Explicitly configure spring.jpa.open-in-view to disable this warning
2024-10-15T16:14:19.838-03:00  INFO 20492 --- [restartedMain] o.s.s.web.DefaultSecurityFilterChain     : Will secure any request with [org.springframework.security.web.session.DisableEncodeUrlFilter@12daefbb, org.springframework.security.web.context.request.async.WebAsyncManagerIntegrationFilter@2eb6208b, org.springframework.security.web.context.SecurityContextHolderFilter@6af661c1, org.springframework.security.web.header.HeaderWriterFilter@4d6324e2, org.springframework.security.web.authentication.logout.LogoutFilter@65dff54, br.edu.utfpr.pb.pw26s.server.security.JWTAuthenticationFilter@169098b1, br.edu.utfpr.pb.pw26s.server.security.JWTAuthorizationFilter@2687f059, org.springframework.security.web.savedrequest.RequestCacheAwareFilter@28a0adc4, org.springframework.security.web.servletapi.SecurityContextHolderAwareRequestFilter@38647492, org.springframework.security.web.authentication.AnonymousAuthenticationFilter@63e57405, org.springframework.security.web.session.SessionManagementFilter@124ea79b, org.springframework.security.web.access.ExceptionTranslationFilter@49b0ac31, org.springframework.security.web.access.intercept.AuthorizationFilter@453f2df6]
2024-10-15T16:14:20.307-03:00  INFO 20492 --- [restartedMain] o.s.b.d.a.OptionalLiveReloadServer       : LiveReload server is running on port 35729
2024-10-15T16:14:20.383-03:00  INFO 20492 --- [restartedMain] o.s.b.w.embedded.tomcat.TomcatWebServer  : Tomcat started on port(s): 8080 (http) with context path ''
2024-10-15T16:14:20.398-03:00  INFO 20492 --- [restartedMain] b.e.u.pb.pw26s.server.ServerApplication  : Started ServerApplication in 6.11 seconds (process running for 7.212)
2024-10-15T16:14:20.478-03:00  WARN 20492 --- [registrationTask1] d.c.b.a.c.r.ApplicationRegistrator       : Failed to register application as Application(name=spring-boot-application, managementUrl=http://172.31.176.1:8080/actuator, healthUrl=http://172.31.176.1:8080/actuator/health, serviceUrl=http://172.31.176.1:8080/) at spring-boot-admin ([http://127.0.0.1:8081/instances]): I/O error on POST request for "http://127.0.0.1:8081/instances": Connection refused: no further information. Further attempts are logged on DEBUG level
2024-10-15T16:14:21.077-03:00  INFO 20492 --- [RMI TCP Connection(3)-172.31.176.1] o.a.c.c.C.[Tomcat].[localhost].[/]       : Initializing Spring DispatcherServlet 'dispatcherServlet'
2024-10-15T16:14:21.078-03:00  INFO 20492 --- [RMI TCP Connection(3)-172.31.176.1] o.s.web.servlet.DispatcherServlet        : Initializing Servlet 'dispatcherServlet'
2024-10-15T16:14:21.081-03:00  INFO 20492 --- [RMI TCP Connection(3)-172.31.176.1] o.s.web.servlet.DispatcherServlet        : Completed initialization in 2 ms
2024-10-15T16:14:24.243-03:00  INFO 20492 --- [SpringApplicationShutdownHook] j.LocalContainerEntityManagerFactoryBean : Closing JPA EntityManagerFactory for persistence unit 'default'
2024-10-15T16:14:24.636-03:00  WARN 20492 --- [SpringApplicationShutdownHook] o.s.b.f.support.DisposableBeanAdapter    : Invocation of destroy method failed on bean with name 'inMemoryDatabaseShutdownExecutor': org.h2.jdbc.JdbcSQLNonTransientConnectionException: Database is already closed (to disable automatic closing at VM shutdown, add ";DB_CLOSE_ON_EXIT=FALSE" to the db URL) [90121-214]
2024-10-15T16:14:24.637-03:00  INFO 20492 --- [SpringApplicationShutdownHook] com.zaxxer.hikari.HikariDataSource       : HikariPool-1 - Shutdown initiated...
2024-10-15T16:14:24.778-03:00  INFO 20492 --- [SpringApplicationShutdownHook] com.zaxxer.hikari.HikariDataSource       : HikariPool-1 - Shutdown completed.
2024-10-15T16:21:54.509-03:00  INFO 31504 --- [restartedMain] b.e.u.pb.pw26s.server.ServerApplication  : Starting ServerApplication using Java 17 with PID 31504 (D:\dev\utfpr\aulas\pw26s-pw45s-2024-2\aula3\server\target\classes started by vinic in D:\dev\utfpr\aulas\pw26s-pw45s-2024-2\aula3\server)
2024-10-15T16:21:54.512-03:00  INFO 31504 --- [restartedMain] b.e.u.pb.pw26s.server.ServerApplication  : The following 1 profile is active: "dev"
2024-10-15T16:21:54.567-03:00  INFO 31504 --- [restartedMain] .e.DevToolsPropertyDefaultsPostProcessor : Devtools property defaults active! Set 'spring.devtools.add-properties' to 'false' to disable
2024-10-15T16:21:54.568-03:00  INFO 31504 --- [restartedMain] .e.DevToolsPropertyDefaultsPostProcessor : For additional web related logging consider setting the 'logging.level.web' property to 'DEBUG'
2024-10-15T16:21:55.685-03:00  INFO 31504 --- [restartedMain] .s.d.r.c.RepositoryConfigurationDelegate : Bootstrapping Spring Data JPA repositories in DEFAULT mode.
2024-10-15T16:21:55.759-03:00  INFO 31504 --- [restartedMain] .s.d.r.c.RepositoryConfigurationDelegate : Finished Spring Data repository scanning in 67 ms. Found 4 JPA repository interfaces.
2024-10-15T16:21:56.427-03:00  INFO 31504 --- [restartedMain] o.s.b.w.embedded.tomcat.TomcatWebServer  : Tomcat initialized with port(s): 8080 (http)
2024-10-15T16:21:56.438-03:00  INFO 31504 --- [restartedMain] o.apache.catalina.core.StandardService   : Starting service [Tomcat]
2024-10-15T16:21:56.438-03:00  INFO 31504 --- [restartedMain] o.apache.catalina.core.StandardEngine    : Starting Servlet engine: [Apache Tomcat/10.1.11]
2024-10-15T16:21:56.520-03:00  INFO 31504 --- [restartedMain] o.a.c.c.C.[Tomcat].[localhost].[/]       : Initializing Spring embedded WebApplicationContext
2024-10-15T16:21:56.521-03:00  INFO 31504 --- [restartedMain] w.s.c.ServletWebServerApplicationContext : Root WebApplicationContext: initialization completed in 1953 ms
2024-10-15T16:21:56.656-03:00  INFO 31504 --- [restartedMain] com.zaxxer.hikari.HikariDataSource       : HikariPool-1 - Starting...
2024-10-15T16:21:56.882-03:00  INFO 31504 --- [restartedMain] com.zaxxer.hikari.pool.HikariPool        : HikariPool-1 - Added connection conn0: url=jdbc:h2:mem:pw26s-dev user=SA
2024-10-15T16:21:56.884-03:00  INFO 31504 --- [restartedMain] com.zaxxer.hikari.HikariDataSource       : HikariPool-1 - Start completed.
2024-10-15T16:21:56.895-03:00  INFO 31504 --- [restartedMain] o.s.b.a.h2.H2ConsoleAutoConfiguration    : H2 console available at '/h2-console'. Database available at 'jdbc:h2:mem:pw26s-dev'
2024-10-15T16:21:57.041-03:00  INFO 31504 --- [restartedMain] o.f.c.internal.license.VersionPrinter    : Flyway Community Edition 9.16.3 by Redgate
2024-10-15T16:21:57.042-03:00  INFO 31504 --- [restartedMain] o.f.c.internal.license.VersionPrinter    : See release notes here: https://rd.gt/416ObMi
2024-10-15T16:21:57.042-03:00  INFO 31504 --- [restartedMain] o.f.c.internal.license.VersionPrinter    : 
2024-10-15T16:21:57.057-03:00  INFO 31504 --- [restartedMain] o.f.c.i.database.base.BaseDatabaseType   : Database: jdbc:h2:mem:pw26s-dev (H2 2.1)
2024-10-15T16:21:57.117-03:00  INFO 31504 --- [restartedMain] o.f.c.i.s.JdbcTableSchemaHistory         : Schema history table "PUBLIC"."flyway_schema_history" does not exist yet
2024-10-15T16:21:57.120-03:00  INFO 31504 --- [restartedMain] o.f.core.internal.command.DbValidate     : Successfully validated 2 migrations (execution time 00:00.015s)
2024-10-15T16:21:57.128-03:00  INFO 31504 --- [restartedMain] o.f.c.i.s.JdbcTableSchemaHistory         : Creating Schema History table "PUBLIC"."flyway_schema_history" ...
2024-10-15T16:21:57.158-03:00  INFO 31504 --- [restartedMain] o.f.core.internal.command.DbMigrate      : Current version of schema "PUBLIC": << Empty Schema >>
2024-10-15T16:21:57.166-03:00  INFO 31504 --- [restartedMain] o.f.core.internal.command.DbMigrate      : Migrating schema "PUBLIC" to version "1.0 - Init"
2024-10-15T16:21:57.188-03:00  INFO 31504 --- [restartedMain] o.f.core.internal.command.DbMigrate      : Migrating schema "PUBLIC" to version "1.1 - Data"
2024-10-15T16:21:57.196-03:00  INFO 31504 --- [restartedMain] o.f.core.internal.command.DbMigrate      : Successfully applied 2 migrations to schema "PUBLIC", now at version v1.1 (execution time 00:00.041s)
2024-10-15T16:21:57.260-03:00  INFO 31504 --- [restartedMain] o.hibernate.jpa.internal.util.LogHelper  : HHH000204: Processing PersistenceUnitInfo [name: default]
2024-10-15T16:21:57.306-03:00  INFO 31504 --- [restartedMain] org.hibernate.Version                    : HHH000412: Hibernate ORM core version 6.2.6.Final
2024-10-15T16:21:57.308-03:00  INFO 31504 --- [restartedMain] org.hibernate.cfg.Environment            : HHH000406: Using bytecode reflection optimizer
2024-10-15T16:21:57.315-03:00  WARN 31504 --- [restartedMain] org.hibernate.orm.deprecation            : HHH90000021: Encountered deprecated setting [javax.persistence.validation.mode], use [jakarta.persistence.validation.mode] instead
2024-10-15T16:21:57.501-03:00  INFO 31504 --- [restartedMain] o.h.b.i.BytecodeProviderInitiator        : HHH000021: Bytecode provider name : bytebuddy
2024-10-15T16:21:57.695-03:00  INFO 31504 --- [restartedMain] o.s.o.j.p.SpringPersistenceUnitInfo      : No LoadTimeWeaver setup: ignoring JPA class transformer
2024-10-15T16:21:58.133-03:00  INFO 31504 --- [restartedMain] o.h.b.i.BytecodeProviderInitiator        : HHH000021: Bytecode provider name : bytebuddy
2024-10-15T16:21:59.138-03:00  INFO 31504 --- [restartedMain] o.h.e.t.j.p.i.JtaPlatformInitiator       : HHH000490: Using JtaPlatform implementation: [org.hibernate.engine.transaction.jta.platform.internal.NoJtaPlatform]
2024-10-15T16:21:59.143-03:00  INFO 31504 --- [restartedMain] j.LocalContainerEntityManagerFactoryBean : Initialized JPA EntityManagerFactory for persistence unit 'default'
2024-10-15T16:21:59.829-03:00  INFO 31504 --- [restartedMain] o.s.b.a.e.web.EndpointLinksResolver      : Exposing 15 endpoint(s) beneath base path '/actuator'
2024-10-15T16:22:00.011-03:00  WARN 31504 --- [restartedMain] JpaBaseConfiguration$JpaWebConfiguration : spring.jpa.open-in-view is enabled by default. Therefore, database queries may be performed during view rendering. Explicitly configure spring.jpa.open-in-view to disable this warning
2024-10-15T16:22:00.168-03:00  INFO 31504 --- [restartedMain] o.s.s.web.DefaultSecurityFilterChain     : Will secure any request with [org.springframework.security.web.session.DisableEncodeUrlFilter@405b36ef, org.springframework.security.web.context.request.async.WebAsyncManagerIntegrationFilter@331c8edf, org.springframework.security.web.context.SecurityContextHolderFilter@6e5830f, org.springframework.security.web.header.HeaderWriterFilter@2597712b, org.springframework.security.web.authentication.logout.LogoutFilter@7154f3af, br.edu.utfpr.pb.pw26s.server.security.JWTAuthenticationFilter@147d0484, br.edu.utfpr.pb.pw26s.server.security.JWTAuthorizationFilter@598edbbf, org.springframework.security.web.savedrequest.RequestCacheAwareFilter@5b46ee5b, org.springframework.security.web.servletapi.SecurityContextHolderAwareRequestFilter@4a46ed20, org.springframework.security.web.authentication.AnonymousAuthenticationFilter@407b622f, org.springframework.security.web.session.SessionManagementFilter@1316267e, org.springframework.security.web.access.ExceptionTranslationFilter@1db2c686, org.springframework.security.web.access.intercept.AuthorizationFilter@58d56c2f]
2024-10-15T16:22:00.714-03:00  INFO 31504 --- [restartedMain] o.s.b.d.a.OptionalLiveReloadServer       : LiveReload server is running on port 35729
2024-10-15T16:22:00.789-03:00  INFO 31504 --- [restartedMain] o.s.b.w.embedded.tomcat.TomcatWebServer  : Tomcat started on port(s): 8080 (http) with context path ''
2024-10-15T16:22:00.807-03:00  INFO 31504 --- [restartedMain] b.e.u.pb.pw26s.server.ServerApplication  : Started ServerApplication in 6.815 seconds (process running for 7.984)
2024-10-15T16:22:00.915-03:00  WARN 31504 --- [registrationTask1] d.c.b.a.c.r.ApplicationRegistrator       : Failed to register application as Application(name=spring-boot-application, managementUrl=http://172.31.176.1:8080/actuator, healthUrl=http://172.31.176.1:8080/actuator/health, serviceUrl=http://172.31.176.1:8080/) at spring-boot-admin ([http://127.0.0.1:8081/instances]): I/O error on POST request for "http://127.0.0.1:8081/instances": Connection refused: no further information. Further attempts are logged on DEBUG level
2024-10-15T16:22:01.333-03:00  INFO 31504 --- [RMI TCP Connection(2)-172.31.176.1] o.a.c.c.C.[Tomcat].[localhost].[/]       : Initializing Spring DispatcherServlet 'dispatcherServlet'
2024-10-15T16:22:01.333-03:00  INFO 31504 --- [RMI TCP Connection(2)-172.31.176.1] o.s.web.servlet.DispatcherServlet        : Initializing Servlet 'dispatcherServlet'
2024-10-15T16:22:01.337-03:00  INFO 31504 --- [RMI TCP Connection(2)-172.31.176.1] o.s.web.servlet.DispatcherServlet        : Completed initialization in 3 ms
2024-10-15T16:22:32.112-03:00  INFO 31504 --- [http-nio-8080-exec-4] b.e.u.p.p.s.controller.UserController    : Creating new user with username: test-user
2024-10-15T16:22:32.361-03:00  INFO 31504 --- [http-nio-8080-exec-4] b.e.u.p.p.s.controller.UserController    : New user created with id: 4
2024-10-15T16:31:55.368-03:00  INFO 31504 --- [SpringApplicationShutdownHook] j.LocalContainerEntityManagerFactoryBean : Closing JPA EntityManagerFactory for persistence unit 'default'
2024-10-15T16:31:55.747-03:00  WARN 31504 --- [SpringApplicationShutdownHook] o.s.b.f.support.DisposableBeanAdapter    : Invocation of destroy method failed on bean with name 'inMemoryDatabaseShutdownExecutor': org.h2.jdbc.JdbcSQLNonTransientConnectionException: Database is already closed (to disable automatic closing at VM shutdown, add ";DB_CLOSE_ON_EXIT=FALSE" to the db URL) [90121-214]
2024-10-15T16:31:55.748-03:00  INFO 31504 --- [SpringApplicationShutdownHook] com.zaxxer.hikari.HikariDataSource       : HikariPool-1 - Shutdown initiated...
2024-10-15T16:31:55.885-03:00  INFO 31504 --- [SpringApplicationShutdownHook] com.zaxxer.hikari.HikariDataSource       : HikariPool-1 - Shutdown completed.
2024-10-15T16:32:02.125-03:00  INFO 6824 --- [restartedMain] b.e.u.pb.pw26s.server.ServerApplication  : Starting ServerApplication using Java 17 with PID 6824 (D:\dev\utfpr\aulas\pw26s-pw45s-2024-2\aula3\server\target\classes started by vinic in D:\dev\utfpr\aulas\pw26s-pw45s-2024-2\aula3\server)
2024-10-15T16:32:02.127-03:00  INFO 6824 --- [restartedMain] b.e.u.pb.pw26s.server.ServerApplication  : The following 1 profile is active: "dev"
2024-10-15T16:32:02.172-03:00  INFO 6824 --- [restartedMain] .e.DevToolsPropertyDefaultsPostProcessor : Devtools property defaults active! Set 'spring.devtools.add-properties' to 'false' to disable
2024-10-15T16:32:02.172-03:00  INFO 6824 --- [restartedMain] .e.DevToolsPropertyDefaultsPostProcessor : For additional web related logging consider setting the 'logging.level.web' property to 'DEBUG'
2024-10-15T16:32:03.351-03:00  INFO 6824 --- [restartedMain] .s.d.r.c.RepositoryConfigurationDelegate : Bootstrapping Spring Data JPA repositories in DEFAULT mode.
2024-10-15T16:32:03.419-03:00  INFO 6824 --- [restartedMain] .s.d.r.c.RepositoryConfigurationDelegate : Finished Spring Data repository scanning in 61 ms. Found 3 JPA repository interfaces.
2024-10-15T16:32:04.159-03:00  INFO 6824 --- [restartedMain] o.s.b.w.embedded.tomcat.TomcatWebServer  : Tomcat initialized with port(s): 8080 (http)
2024-10-15T16:32:04.168-03:00  INFO 6824 --- [restartedMain] o.apache.catalina.core.StandardService   : Starting service [Tomcat]
2024-10-15T16:32:04.168-03:00  INFO 6824 --- [restartedMain] o.apache.catalina.core.StandardEngine    : Starting Servlet engine: [Apache Tomcat/10.1.11]
2024-10-15T16:32:04.235-03:00  INFO 6824 --- [restartedMain] o.a.c.c.C.[Tomcat].[localhost].[/]       : Initializing Spring embedded WebApplicationContext
2024-10-15T16:32:04.235-03:00  INFO 6824 --- [restartedMain] w.s.c.ServletWebServerApplicationContext : Root WebApplicationContext: initialization completed in 2062 ms
2024-10-15T16:32:04.329-03:00  INFO 6824 --- [restartedMain] com.zaxxer.hikari.HikariDataSource       : HikariPool-1 - Starting...
2024-10-15T16:32:04.530-03:00  INFO 6824 --- [restartedMain] com.zaxxer.hikari.pool.HikariPool        : HikariPool-1 - Added connection conn0: url=jdbc:h2:mem:pw26s-dev user=SA
2024-10-15T16:32:04.532-03:00  INFO 6824 --- [restartedMain] com.zaxxer.hikari.HikariDataSource       : HikariPool-1 - Start completed.
2024-10-15T16:32:04.542-03:00  INFO 6824 --- [restartedMain] o.s.b.a.h2.H2ConsoleAutoConfiguration    : H2 console available at '/h2-console'. Database available at 'jdbc:h2:mem:pw26s-dev'
2024-10-15T16:32:04.675-03:00  INFO 6824 --- [restartedMain] o.f.c.internal.license.VersionPrinter    : Flyway Community Edition 9.16.3 by Redgate
2024-10-15T16:32:04.676-03:00  INFO 6824 --- [restartedMain] o.f.c.internal.license.VersionPrinter    : See release notes here: https://rd.gt/416ObMi
2024-10-15T16:32:04.676-03:00  INFO 6824 --- [restartedMain] o.f.c.internal.license.VersionPrinter    : 
2024-10-15T16:32:04.687-03:00  INFO 6824 --- [restartedMain] o.f.c.i.database.base.BaseDatabaseType   : Database: jdbc:h2:mem:pw26s-dev (H2 2.1)
2024-10-15T16:32:04.748-03:00  INFO 6824 --- [restartedMain] o.f.c.i.s.JdbcTableSchemaHistory         : Schema history table "PUBLIC"."flyway_schema_history" does not exist yet
2024-10-15T16:32:04.751-03:00  INFO 6824 --- [restartedMain] o.f.core.internal.command.DbValidate     : Successfully validated 2 migrations (execution time 00:00.023s)
2024-10-15T16:32:04.755-03:00  INFO 6824 --- [restartedMain] o.f.c.i.s.JdbcTableSchemaHistory         : Creating Schema History table "PUBLIC"."flyway_schema_history" ...
2024-10-15T16:32:04.777-03:00  INFO 6824 --- [restartedMain] o.f.core.internal.command.DbMigrate      : Current version of schema "PUBLIC": << Empty Schema >>
2024-10-15T16:32:04.783-03:00  INFO 6824 --- [restartedMain] o.f.core.internal.command.DbMigrate      : Migrating schema "PUBLIC" to version "1.0 - Init"
2024-10-15T16:32:04.800-03:00  INFO 6824 --- [restartedMain] o.f.core.internal.command.DbMigrate      : Migrating schema "PUBLIC" to version "1.1 - Data"
2024-10-15T16:32:04.807-03:00  INFO 6824 --- [restartedMain] o.f.core.internal.command.DbMigrate      : Successfully applied 2 migrations to schema "PUBLIC", now at version v1.1 (execution time 00:00.032s)
2024-10-15T16:32:04.862-03:00  INFO 6824 --- [restartedMain] o.hibernate.jpa.internal.util.LogHelper  : HHH000204: Processing PersistenceUnitInfo [name: default]
2024-10-15T16:32:04.907-03:00  INFO 6824 --- [restartedMain] org.hibernate.Version                    : HHH000412: Hibernate ORM core version 6.2.6.Final
2024-10-15T16:32:04.909-03:00  INFO 6824 --- [restartedMain] org.hibernate.cfg.Environment            : HHH000406: Using bytecode reflection optimizer
2024-10-15T16:32:04.914-03:00  WARN 6824 --- [restartedMain] org.hibernate.orm.deprecation            : HHH90000021: Encountered deprecated setting [javax.persistence.validation.mode], use [jakarta.persistence.validation.mode] instead
2024-10-15T16:32:05.048-03:00  INFO 6824 --- [restartedMain] o.h.b.i.BytecodeProviderInitiator        : HHH000021: Bytecode provider name : bytebuddy
2024-10-15T16:32:05.154-03:00  INFO 6824 --- [restartedMain] o.s.o.j.p.SpringPersistenceUnitInfo      : No LoadTimeWeaver setup: ignoring JPA class transformer
2024-10-15T16:32:05.363-03:00  INFO 6824 --- [restartedMain] o.h.b.i.BytecodeProviderInitiator        : HHH000021: Bytecode provider name : bytebuddy
2024-10-15T16:32:05.891-03:00  INFO 6824 --- [restartedMain] o.h.e.t.j.p.i.JtaPlatformInitiator       : HHH000490: Using JtaPlatform implementation: [org.hibernate.engine.transaction.jta.platform.internal.NoJtaPlatform]
2024-10-15T16:32:05.893-03:00  INFO 6824 --- [restartedMain] j.LocalContainerEntityManagerFactoryBean : Initialized JPA EntityManagerFactory for persistence unit 'default'
2024-10-15T16:32:06.462-03:00  INFO 6824 --- [restartedMain] o.s.b.a.e.web.EndpointLinksResolver      : Exposing 15 endpoint(s) beneath base path '/actuator'
2024-10-15T16:32:06.586-03:00  WARN 6824 --- [restartedMain] JpaBaseConfiguration$JpaWebConfiguration : spring.jpa.open-in-view is enabled by default. Therefore, database queries may be performed during view rendering. Explicitly configure spring.jpa.open-in-view to disable this warning
2024-10-15T16:32:06.691-03:00  INFO 6824 --- [restartedMain] o.s.s.web.DefaultSecurityFilterChain     : Will secure any request with [org.springframework.security.web.session.DisableEncodeUrlFilter@6f55b472, org.springframework.security.web.context.request.async.WebAsyncManagerIntegrationFilter@8c5ccef, org.springframework.security.web.context.SecurityContextHolderFilter@143b80ab, org.springframework.security.web.header.HeaderWriterFilter@5e43456d, org.springframework.security.web.authentication.logout.LogoutFilter@4f024cb5, br.edu.utfpr.pb.pw26s.server.security.JWTAuthenticationFilter@21f900c9, br.edu.utfpr.pb.pw26s.server.security.JWTAuthorizationFilter@688ac7d4, org.springframework.security.web.savedrequest.RequestCacheAwareFilter@5e73fbf7, org.springframework.security.web.servletapi.SecurityContextHolderAwareRequestFilter@6736ea42, org.springframework.security.web.authentication.AnonymousAuthenticationFilter@2a3e1893, org.springframework.security.web.session.SessionManagementFilter@789e5ed5, org.springframework.security.web.access.ExceptionTranslationFilter@2b06541e, org.springframework.security.web.access.intercept.AuthorizationFilter@6220bae5]
2024-10-15T16:32:07.086-03:00  INFO 6824 --- [restartedMain] o.s.b.d.a.OptionalLiveReloadServer       : LiveReload server is running on port 35729
2024-10-15T16:32:07.146-03:00  INFO 6824 --- [restartedMain] o.s.b.w.embedded.tomcat.TomcatWebServer  : Tomcat started on port(s): 8080 (http) with context path ''
2024-10-15T16:32:07.161-03:00  INFO 6824 --- [restartedMain] b.e.u.pb.pw26s.server.ServerApplication  : Started ServerApplication in 5.523 seconds (process running for 6.456)
2024-10-15T16:32:07.230-03:00  WARN 6824 --- [registrationTask1] d.c.b.a.c.r.ApplicationRegistrator       : Failed to register application as Application(name=spring-boot-application, managementUrl=http://172.31.176.1:8080/actuator, healthUrl=http://172.31.176.1:8080/actuator/health, serviceUrl=http://172.31.176.1:8080/) at spring-boot-admin ([http://127.0.0.1:8081/instances]): I/O error on POST request for "http://127.0.0.1:8081/instances": Connection refused: no further information. Further attempts are logged on DEBUG level
2024-10-15T16:32:07.609-03:00  INFO 6824 --- [RMI TCP Connection(2)-172.31.176.1] o.a.c.c.C.[Tomcat].[localhost].[/]       : Initializing Spring DispatcherServlet 'dispatcherServlet'
2024-10-15T16:32:07.610-03:00  INFO 6824 --- [RMI TCP Connection(2)-172.31.176.1] o.s.web.servlet.DispatcherServlet        : Initializing Servlet 'dispatcherServlet'
2024-10-15T16:32:07.615-03:00  INFO 6824 --- [RMI TCP Connection(2)-172.31.176.1] o.s.web.servlet.DispatcherServlet        : Completed initialization in 5 ms
2024-10-15T16:54:59.249-03:00  INFO 6824 --- [SpringApplicationShutdownHook] j.LocalContainerEntityManagerFactoryBean : Closing JPA EntityManagerFactory for persistence unit 'default'
2024-10-15T16:54:59.620-03:00  WARN 6824 --- [SpringApplicationShutdownHook] o.s.b.f.support.DisposableBeanAdapter    : Invocation of destroy method failed on bean with name 'inMemoryDatabaseShutdownExecutor': org.h2.jdbc.JdbcSQLNonTransientConnectionException: Database is already closed (to disable automatic closing at VM shutdown, add ";DB_CLOSE_ON_EXIT=FALSE" to the db URL) [90121-214]
2024-10-15T16:54:59.622-03:00  INFO 6824 --- [SpringApplicationShutdownHook] com.zaxxer.hikari.HikariDataSource       : HikariPool-1 - Shutdown initiated...
2024-10-15T16:54:59.776-03:00  INFO 6824 --- [SpringApplicationShutdownHook] com.zaxxer.hikari.HikariDataSource       : HikariPool-1 - Shutdown completed.
2024-10-15T16:55:06.036-03:00  INFO 47604 --- [restartedMain] b.e.u.pb.pw26s.server.ServerApplication  : Starting ServerApplication using Java 17 with PID 47604 (D:\dev\utfpr\aulas\pw26s-pw45s-2024-2\aula3\server\target\classes started by vinic in D:\dev\utfpr\aulas\pw26s-pw45s-2024-2\aula3\server)
2024-10-15T16:55:06.038-03:00  INFO 47604 --- [restartedMain] b.e.u.pb.pw26s.server.ServerApplication  : The following 1 profile is active: "dev"
2024-10-15T16:55:06.095-03:00  INFO 47604 --- [restartedMain] .e.DevToolsPropertyDefaultsPostProcessor : Devtools property defaults active! Set 'spring.devtools.add-properties' to 'false' to disable
2024-10-15T16:55:06.095-03:00  INFO 47604 --- [restartedMain] .e.DevToolsPropertyDefaultsPostProcessor : For additional web related logging consider setting the 'logging.level.web' property to 'DEBUG'
2024-10-15T16:55:07.230-03:00  INFO 47604 --- [restartedMain] .s.d.r.c.RepositoryConfigurationDelegate : Bootstrapping Spring Data JPA repositories in DEFAULT mode.
2024-10-15T16:55:07.302-03:00  INFO 47604 --- [restartedMain] .s.d.r.c.RepositoryConfigurationDelegate : Finished Spring Data repository scanning in 64 ms. Found 3 JPA repository interfaces.
2024-10-15T16:55:07.900-03:00  INFO 47604 --- [restartedMain] o.s.b.w.embedded.tomcat.TomcatWebServer  : Tomcat initialized with port(s): 8080 (http)
2024-10-15T16:55:07.907-03:00  INFO 47604 --- [restartedMain] o.apache.catalina.core.StandardService   : Starting service [Tomcat]
2024-10-15T16:55:07.907-03:00  INFO 47604 --- [restartedMain] o.apache.catalina.core.StandardEngine    : Starting Servlet engine: [Apache Tomcat/10.1.11]
2024-10-15T16:55:07.968-03:00  INFO 47604 --- [restartedMain] o.a.c.c.C.[Tomcat].[localhost].[/]       : Initializing Spring embedded WebApplicationContext
2024-10-15T16:55:07.969-03:00  INFO 47604 --- [restartedMain] w.s.c.ServletWebServerApplicationContext : Root WebApplicationContext: initialization completed in 1873 ms
2024-10-15T16:55:08.055-03:00  INFO 47604 --- [restartedMain] com.zaxxer.hikari.HikariDataSource       : HikariPool-1 - Starting...
2024-10-15T16:55:08.231-03:00  INFO 47604 --- [restartedMain] com.zaxxer.hikari.pool.HikariPool        : HikariPool-1 - Added connection conn0: url=jdbc:h2:mem:pw26s-dev user=SA
2024-10-15T16:55:08.232-03:00  INFO 47604 --- [restartedMain] com.zaxxer.hikari.HikariDataSource       : HikariPool-1 - Start completed.
2024-10-15T16:55:08.241-03:00  INFO 47604 --- [restartedMain] o.s.b.a.h2.H2ConsoleAutoConfiguration    : H2 console available at '/h2-console'. Database available at 'jdbc:h2:mem:pw26s-dev'
2024-10-15T16:55:08.393-03:00  INFO 47604 --- [restartedMain] o.f.c.internal.license.VersionPrinter    : Flyway Community Edition 9.16.3 by Redgate
2024-10-15T16:55:08.393-03:00  INFO 47604 --- [restartedMain] o.f.c.internal.license.VersionPrinter    : See release notes here: https://rd.gt/416ObMi
2024-10-15T16:55:08.393-03:00  INFO 47604 --- [restartedMain] o.f.c.internal.license.VersionPrinter    : 
2024-10-15T16:55:08.406-03:00  INFO 47604 --- [restartedMain] o.f.c.i.database.base.BaseDatabaseType   : Database: jdbc:h2:mem:pw26s-dev (H2 2.1)
2024-10-15T16:55:08.461-03:00  INFO 47604 --- [restartedMain] o.f.c.i.s.JdbcTableSchemaHistory         : Schema history table "PUBLIC"."flyway_schema_history" does not exist yet
2024-10-15T16:55:08.464-03:00  INFO 47604 --- [restartedMain] o.f.core.internal.command.DbValidate     : Successfully validated 2 migrations (execution time 00:00.016s)
2024-10-15T16:55:08.470-03:00  INFO 47604 --- [restartedMain] o.f.c.i.s.JdbcTableSchemaHistory         : Creating Schema History table "PUBLIC"."flyway_schema_history" ...
2024-10-15T16:55:08.491-03:00  INFO 47604 --- [restartedMain] o.f.core.internal.command.DbMigrate      : Current version of schema "PUBLIC": << Empty Schema >>
2024-10-15T16:55:08.496-03:00  INFO 47604 --- [restartedMain] o.f.core.internal.command.DbMigrate      : Migrating schema "PUBLIC" to version "1.0 - Init"
2024-10-15T16:55:08.513-03:00  INFO 47604 --- [restartedMain] o.f.core.internal.command.DbMigrate      : Migrating schema "PUBLIC" to version "1.1 - Data"
2024-10-15T16:55:08.518-03:00  INFO 47604 --- [restartedMain] o.f.core.internal.command.DbMigrate      : Successfully applied 2 migrations to schema "PUBLIC", now at version v1.1 (execution time 00:00.029s)
2024-10-15T16:55:08.574-03:00  INFO 47604 --- [restartedMain] o.hibernate.jpa.internal.util.LogHelper  : HHH000204: Processing PersistenceUnitInfo [name: default]
2024-10-15T16:55:08.617-03:00  INFO 47604 --- [restartedMain] org.hibernate.Version                    : HHH000412: Hibernate ORM core version 6.2.6.Final
2024-10-15T16:55:08.618-03:00  INFO 47604 --- [restartedMain] org.hibernate.cfg.Environment            : HHH000406: Using bytecode reflection optimizer
2024-10-15T16:55:08.623-03:00  WARN 47604 --- [restartedMain] org.hibernate.orm.deprecation            : HHH90000021: Encountered deprecated setting [javax.persistence.validation.mode], use [jakarta.persistence.validation.mode] instead
2024-10-15T16:55:08.727-03:00  INFO 47604 --- [restartedMain] o.h.b.i.BytecodeProviderInitiator        : HHH000021: Bytecode provider name : bytebuddy
2024-10-15T16:55:08.841-03:00  INFO 47604 --- [restartedMain] o.s.o.j.p.SpringPersistenceUnitInfo      : No LoadTimeWeaver setup: ignoring JPA class transformer
2024-10-15T16:55:09.053-03:00  INFO 47604 --- [restartedMain] o.h.b.i.BytecodeProviderInitiator        : HHH000021: Bytecode provider name : bytebuddy
2024-10-15T16:55:09.597-03:00  INFO 47604 --- [restartedMain] o.h.e.t.j.p.i.JtaPlatformInitiator       : HHH000490: Using JtaPlatform implementation: [org.hibernate.engine.transaction.jta.platform.internal.NoJtaPlatform]
2024-10-15T16:55:09.599-03:00  INFO 47604 --- [restartedMain] j.LocalContainerEntityManagerFactoryBean : Initialized JPA EntityManagerFactory for persistence unit 'default'
2024-10-15T16:55:10.077-03:00  INFO 47604 --- [restartedMain] o.s.b.a.e.web.EndpointLinksResolver      : Exposing 15 endpoint(s) beneath base path '/actuator'
2024-10-15T16:55:10.204-03:00  WARN 47604 --- [restartedMain] JpaBaseConfiguration$JpaWebConfiguration : spring.jpa.open-in-view is enabled by default. Therefore, database queries may be performed during view rendering. Explicitly configure spring.jpa.open-in-view to disable this warning
2024-10-15T16:55:10.307-03:00  INFO 47604 --- [restartedMain] o.s.s.web.DefaultSecurityFilterChain     : Will secure any request with [org.springframework.security.web.session.DisableEncodeUrlFilter@1af82e1b, org.springframework.security.web.context.request.async.WebAsyncManagerIntegrationFilter@3a7a1040, org.springframework.security.web.context.SecurityContextHolderFilter@5cd44713, org.springframework.security.web.header.HeaderWriterFilter@2da8350f, org.springframework.security.web.authentication.logout.LogoutFilter@5b3a5bce, br.edu.utfpr.pb.pw26s.server.security.JWTAuthenticationFilter@5a18ca5b, br.edu.utfpr.pb.pw26s.server.security.JWTAuthorizationFilter@61bb2bc3, org.springframework.security.web.savedrequest.RequestCacheAwareFilter@2dda7c78, org.springframework.security.web.servletapi.SecurityContextHolderAwareRequestFilter@2f92ddce, org.springframework.security.web.authentication.AnonymousAuthenticationFilter@3ae85919, org.springframework.security.web.session.SessionManagementFilter@5829f7c2, org.springframework.security.web.access.ExceptionTranslationFilter@ffb570b, org.springframework.security.web.access.intercept.AuthorizationFilter@529e479b]
2024-10-15T16:55:10.717-03:00  INFO 47604 --- [restartedMain] o.s.b.d.a.OptionalLiveReloadServer       : LiveReload server is running on port 35729
2024-10-15T16:55:10.795-03:00  INFO 47604 --- [restartedMain] o.s.b.w.embedded.tomcat.TomcatWebServer  : Tomcat started on port(s): 8080 (http) with context path ''
2024-10-15T16:55:10.811-03:00  INFO 47604 --- [restartedMain] b.e.u.pb.pw26s.server.ServerApplication  : Started ServerApplication in 5.301 seconds (process running for 6.244)
2024-10-15T16:55:10.881-03:00  WARN 47604 --- [registrationTask1] d.c.b.a.c.r.ApplicationRegistrator       : Failed to register application as Application(name=spring-boot-application, managementUrl=http://172.31.176.1:8080/actuator, healthUrl=http://172.31.176.1:8080/actuator/health, serviceUrl=http://172.31.176.1:8080/) at spring-boot-admin ([http://127.0.0.1:8081/instances]): I/O error on POST request for "http://127.0.0.1:8081/instances": Connection refused: no further information. Further attempts are logged on DEBUG level
2024-10-15T16:55:11.472-03:00  INFO 47604 --- [RMI TCP Connection(2)-172.31.176.1] o.a.c.c.C.[Tomcat].[localhost].[/]       : Initializing Spring DispatcherServlet 'dispatcherServlet'
2024-10-15T16:55:11.472-03:00  INFO 47604 --- [RMI TCP Connection(2)-172.31.176.1] o.s.web.servlet.DispatcherServlet        : Initializing Servlet 'dispatcherServlet'
2024-10-15T16:55:11.476-03:00  INFO 47604 --- [RMI TCP Connection(2)-172.31.176.1] o.s.web.servlet.DispatcherServlet        : Completed initialization in 3 ms
2024-10-15T19:35:32.505-03:00  INFO 48804 --- [restartedMain] b.e.u.pb.pw26s.server.ServerApplication  : Starting ServerApplication using Java 17 with PID 48804 (D:\dev\utfpr\aulas\pw26s-pw45s-2024-2\aula3\server\target\classes started by vinic in D:\dev\utfpr\aulas\pw26s-pw45s-2024-2\aula3\server)
2024-10-15T19:35:32.507-03:00  INFO 48804 --- [restartedMain] b.e.u.pb.pw26s.server.ServerApplication  : The following 1 profile is active: "dev"
2024-10-15T19:35:32.554-03:00  INFO 48804 --- [restartedMain] .e.DevToolsPropertyDefaultsPostProcessor : Devtools property defaults active! Set 'spring.devtools.add-properties' to 'false' to disable
2024-10-15T19:35:32.554-03:00  INFO 48804 --- [restartedMain] .e.DevToolsPropertyDefaultsPostProcessor : For additional web related logging consider setting the 'logging.level.web' property to 'DEBUG'
2024-10-15T19:35:33.585-03:00  INFO 48804 --- [restartedMain] .s.d.r.c.RepositoryConfigurationDelegate : Bootstrapping Spring Data JPA repositories in DEFAULT mode.
2024-10-15T19:35:33.654-03:00  INFO 48804 --- [restartedMain] .s.d.r.c.RepositoryConfigurationDelegate : Finished Spring Data repository scanning in 62 ms. Found 4 JPA repository interfaces.
2024-10-15T19:35:34.211-03:00  INFO 48804 --- [restartedMain] o.s.b.w.embedded.tomcat.TomcatWebServer  : Tomcat initialized with port(s): 8080 (http)
2024-10-15T19:35:34.218-03:00  INFO 48804 --- [restartedMain] o.apache.catalina.core.StandardService   : Starting service [Tomcat]
2024-10-15T19:35:34.219-03:00  INFO 48804 --- [restartedMain] o.apache.catalina.core.StandardEngine    : Starting Servlet engine: [Apache Tomcat/10.1.11]
2024-10-15T19:35:34.279-03:00  INFO 48804 --- [restartedMain] o.a.c.c.C.[Tomcat].[localhost].[/]       : Initializing Spring embedded WebApplicationContext
2024-10-15T19:35:34.279-03:00  INFO 48804 --- [restartedMain] w.s.c.ServletWebServerApplicationContext : Root WebApplicationContext: initialization completed in 1725 ms
2024-10-15T19:35:34.364-03:00  INFO 48804 --- [restartedMain] com.zaxxer.hikari.HikariDataSource       : HikariPool-1 - Starting...
2024-10-15T19:35:34.552-03:00  INFO 48804 --- [restartedMain] com.zaxxer.hikari.pool.HikariPool        : HikariPool-1 - Added connection conn0: url=jdbc:h2:mem:pw26s-dev user=SA
2024-10-15T19:35:34.553-03:00  INFO 48804 --- [restartedMain] com.zaxxer.hikari.HikariDataSource       : HikariPool-1 - Start completed.
2024-10-15T19:35:34.566-03:00  INFO 48804 --- [restartedMain] o.s.b.a.h2.H2ConsoleAutoConfiguration    : H2 console available at '/h2-console'. Database available at 'jdbc:h2:mem:pw26s-dev'
2024-10-15T19:35:34.701-03:00  INFO 48804 --- [restartedMain] o.f.c.internal.license.VersionPrinter    : Flyway Community Edition 9.16.3 by Redgate
2024-10-15T19:35:34.702-03:00  INFO 48804 --- [restartedMain] o.f.c.internal.license.VersionPrinter    : See release notes here: https://rd.gt/416ObMi
2024-10-15T19:35:34.702-03:00  INFO 48804 --- [restartedMain] o.f.c.internal.license.VersionPrinter    : 
2024-10-15T19:35:34.713-03:00  INFO 48804 --- [restartedMain] o.f.c.i.database.base.BaseDatabaseType   : Database: jdbc:h2:mem:pw26s-dev (H2 2.1)
2024-10-15T19:35:34.777-03:00  INFO 48804 --- [restartedMain] o.f.c.i.s.JdbcTableSchemaHistory         : Schema history table "PUBLIC"."flyway_schema_history" does not exist yet
2024-10-15T19:35:34.780-03:00  INFO 48804 --- [restartedMain] o.f.core.internal.command.DbValidate     : Successfully validated 2 migrations (execution time 00:00.027s)
2024-10-15T19:35:34.785-03:00  INFO 48804 --- [restartedMain] o.f.c.i.s.JdbcTableSchemaHistory         : Creating Schema History table "PUBLIC"."flyway_schema_history" ...
2024-10-15T19:35:34.811-03:00  INFO 48804 --- [restartedMain] o.f.core.internal.command.DbMigrate      : Current version of schema "PUBLIC": << Empty Schema >>
2024-10-15T19:35:34.817-03:00  INFO 48804 --- [restartedMain] o.f.core.internal.command.DbMigrate      : Migrating schema "PUBLIC" to version "1.0 - Init"
2024-10-15T19:35:34.843-03:00  INFO 48804 --- [restartedMain] o.f.core.internal.command.DbMigrate      : Migrating schema "PUBLIC" to version "1.1 - Data"
2024-10-15T19:35:34.850-03:00  INFO 48804 --- [restartedMain] o.f.core.internal.command.DbMigrate      : Successfully applied 2 migrations to schema "PUBLIC", now at version v1.1 (execution time 00:00.042s)
2024-10-15T19:35:34.914-03:00  INFO 48804 --- [restartedMain] o.hibernate.jpa.internal.util.LogHelper  : HHH000204: Processing PersistenceUnitInfo [name: default]
2024-10-15T19:35:34.960-03:00  INFO 48804 --- [restartedMain] org.hibernate.Version                    : HHH000412: Hibernate ORM core version 6.2.6.Final
2024-10-15T19:35:34.962-03:00  INFO 48804 --- [restartedMain] org.hibernate.cfg.Environment            : HHH000406: Using bytecode reflection optimizer
2024-10-15T19:35:34.967-03:00  WARN 48804 --- [restartedMain] org.hibernate.orm.deprecation            : HHH90000021: Encountered deprecated setting [javax.persistence.validation.mode], use [jakarta.persistence.validation.mode] instead
2024-10-15T19:35:35.108-03:00  INFO 48804 --- [restartedMain] o.h.b.i.BytecodeProviderInitiator        : HHH000021: Bytecode provider name : bytebuddy
2024-10-15T19:35:35.232-03:00  INFO 48804 --- [restartedMain] o.s.o.j.p.SpringPersistenceUnitInfo      : No LoadTimeWeaver setup: ignoring JPA class transformer
2024-10-15T19:35:35.450-03:00  INFO 48804 --- [restartedMain] o.h.b.i.BytecodeProviderInitiator        : HHH000021: Bytecode provider name : bytebuddy
2024-10-15T19:35:35.989-03:00  INFO 48804 --- [restartedMain] o.h.e.t.j.p.i.JtaPlatformInitiator       : HHH000490: Using JtaPlatform implementation: [org.hibernate.engine.transaction.jta.platform.internal.NoJtaPlatform]
2024-10-15T19:35:35.991-03:00  INFO 48804 --- [restartedMain] j.LocalContainerEntityManagerFactoryBean : Initialized JPA EntityManagerFactory for persistence unit 'default'
2024-10-15T19:35:36.436-03:00  INFO 48804 --- [restartedMain] o.s.b.a.e.web.EndpointLinksResolver      : Exposing 15 endpoint(s) beneath base path '/actuator'
2024-10-15T19:35:36.560-03:00  WARN 48804 --- [restartedMain] JpaBaseConfiguration$JpaWebConfiguration : spring.jpa.open-in-view is enabled by default. Therefore, database queries may be performed during view rendering. Explicitly configure spring.jpa.open-in-view to disable this warning
2024-10-15T19:35:36.678-03:00  INFO 48804 --- [restartedMain] o.s.s.web.DefaultSecurityFilterChain     : Will secure any request with [org.springframework.security.web.session.DisableEncodeUrlFilter@6619168d, org.springframework.security.web.context.request.async.WebAsyncManagerIntegrationFilter@78815750, org.springframework.security.web.context.SecurityContextHolderFilter@3a8d55d5, org.springframework.security.web.header.HeaderWriterFilter@76d27048, org.springframework.security.web.authentication.logout.LogoutFilter@13883135, br.edu.utfpr.pb.pw26s.server.security.JWTAuthenticationFilter@2445eb55, br.edu.utfpr.pb.pw26s.server.security.JWTAuthorizationFilter@7e58a327, org.springframework.security.web.savedrequest.RequestCacheAwareFilter@50673322, org.springframework.security.web.servletapi.SecurityContextHolderAwareRequestFilter@1399a79a, org.springframework.security.web.authentication.AnonymousAuthenticationFilter@505b6f1f, org.springframework.security.web.session.SessionManagementFilter@29a4b52c, org.springframework.security.web.access.ExceptionTranslationFilter@71ba64c8, org.springframework.security.web.access.intercept.AuthorizationFilter@5d9863d5]
2024-10-15T19:35:37.092-03:00  INFO 48804 --- [restartedMain] o.s.b.d.a.OptionalLiveReloadServer       : LiveReload server is running on port 35729
2024-10-15T19:35:37.154-03:00  INFO 48804 --- [restartedMain] o.s.b.w.embedded.tomcat.TomcatWebServer  : Tomcat started on port(s): 8080 (http) with context path ''
2024-10-15T19:35:37.168-03:00  INFO 48804 --- [restartedMain] b.e.u.pb.pw26s.server.ServerApplication  : Started ServerApplication in 5.188 seconds (process running for 6.119)
2024-10-15T19:35:37.236-03:00  WARN 48804 --- [registrationTask1] d.c.b.a.c.r.ApplicationRegistrator       : Failed to register application as Application(name=spring-boot-application, managementUrl=http://172.31.176.1:8080/actuator, healthUrl=http://172.31.176.1:8080/actuator/health, serviceUrl=http://172.31.176.1:8080/) at spring-boot-admin ([http://127.0.0.1:8081/instances]): I/O error on POST request for "http://127.0.0.1:8081/instances": Connection refused: no further information. Further attempts are logged on DEBUG level
2024-10-15T19:35:37.833-03:00  INFO 48804 --- [RMI TCP Connection(3)-172.31.176.1] o.a.c.c.C.[Tomcat].[localhost].[/]       : Initializing Spring DispatcherServlet 'dispatcherServlet'
2024-10-15T19:35:37.833-03:00  INFO 48804 --- [RMI TCP Connection(3)-172.31.176.1] o.s.web.servlet.DispatcherServlet        : Initializing Servlet 'dispatcherServlet'
2024-10-15T19:35:37.835-03:00  INFO 48804 --- [RMI TCP Connection(3)-172.31.176.1] o.s.web.servlet.DispatcherServlet        : Completed initialization in 2 ms
2024-10-15T19:40:39.591-03:00  INFO 48804 --- [SpringApplicationShutdownHook] j.LocalContainerEntityManagerFactoryBean : Closing JPA EntityManagerFactory for persistence unit 'default'
2024-10-15T19:40:39.946-03:00  WARN 48804 --- [SpringApplicationShutdownHook] o.s.b.f.support.DisposableBeanAdapter    : Invocation of destroy method failed on bean with name 'inMemoryDatabaseShutdownExecutor': org.h2.jdbc.JdbcSQLNonTransientConnectionException: Database is already closed (to disable automatic closing at VM shutdown, add ";DB_CLOSE_ON_EXIT=FALSE" to the db URL) [90121-214]
2024-10-15T19:40:39.947-03:00  INFO 48804 --- [SpringApplicationShutdownHook] com.zaxxer.hikari.HikariDataSource       : HikariPool-1 - Shutdown initiated...
2024-10-15T19:40:40.089-03:00  INFO 48804 --- [SpringApplicationShutdownHook] com.zaxxer.hikari.HikariDataSource       : HikariPool-1 - Shutdown completed.
2024-10-15T19:40:45.193-03:00  INFO 21036 --- [restartedMain] b.e.u.pb.pw26s.server.ServerApplication  : Starting ServerApplication using Java 17 with PID 21036 (D:\dev\utfpr\aulas\pw26s-pw45s-2024-2\aula3\server\target\classes started by vinic in D:\dev\utfpr\aulas\pw26s-pw45s-2024-2\aula3\server)
2024-10-15T19:40:45.195-03:00  INFO 21036 --- [restartedMain] b.e.u.pb.pw26s.server.ServerApplication  : The following 1 profile is active: "dev"
2024-10-15T19:40:45.246-03:00  INFO 21036 --- [restartedMain] .e.DevToolsPropertyDefaultsPostProcessor : Devtools property defaults active! Set 'spring.devtools.add-properties' to 'false' to disable
2024-10-15T19:40:45.246-03:00  INFO 21036 --- [restartedMain] .e.DevToolsPropertyDefaultsPostProcessor : For additional web related logging consider setting the 'logging.level.web' property to 'DEBUG'
2024-10-15T19:40:46.276-03:00  INFO 21036 --- [restartedMain] .s.d.r.c.RepositoryConfigurationDelegate : Bootstrapping Spring Data JPA repositories in DEFAULT mode.
2024-10-15T19:40:46.339-03:00  INFO 21036 --- [restartedMain] .s.d.r.c.RepositoryConfigurationDelegate : Finished Spring Data repository scanning in 57 ms. Found 4 JPA repository interfaces.
2024-10-15T19:40:46.872-03:00  INFO 21036 --- [restartedMain] o.s.b.w.embedded.tomcat.TomcatWebServer  : Tomcat initialized with port(s): 8080 (http)
2024-10-15T19:40:46.879-03:00  INFO 21036 --- [restartedMain] o.apache.catalina.core.StandardService   : Starting service [Tomcat]
2024-10-15T19:40:46.879-03:00  INFO 21036 --- [restartedMain] o.apache.catalina.core.StandardEngine    : Starting Servlet engine: [Apache Tomcat/10.1.11]
2024-10-15T19:40:46.939-03:00  INFO 21036 --- [restartedMain] o.a.c.c.C.[Tomcat].[localhost].[/]       : Initializing Spring embedded WebApplicationContext
2024-10-15T19:40:46.940-03:00  INFO 21036 --- [restartedMain] w.s.c.ServletWebServerApplicationContext : Root WebApplicationContext: initialization completed in 1694 ms
2024-10-15T19:40:47.017-03:00  INFO 21036 --- [restartedMain] com.zaxxer.hikari.HikariDataSource       : HikariPool-1 - Starting...
2024-10-15T19:40:47.180-03:00  INFO 21036 --- [restartedMain] com.zaxxer.hikari.pool.HikariPool        : HikariPool-1 - Added connection conn0: url=jdbc:h2:mem:pw26s-dev user=SA
2024-10-15T19:40:47.181-03:00  INFO 21036 --- [restartedMain] com.zaxxer.hikari.HikariDataSource       : HikariPool-1 - Start completed.
2024-10-15T19:40:47.191-03:00  INFO 21036 --- [restartedMain] o.s.b.a.h2.H2ConsoleAutoConfiguration    : H2 console available at '/h2-console'. Database available at 'jdbc:h2:mem:pw26s-dev'
2024-10-15T19:40:47.333-03:00  INFO 21036 --- [restartedMain] o.f.c.internal.license.VersionPrinter    : Flyway Community Edition 9.16.3 by Redgate
2024-10-15T19:40:47.333-03:00  INFO 21036 --- [restartedMain] o.f.c.internal.license.VersionPrinter    : See release notes here: https://rd.gt/416ObMi
2024-10-15T19:40:47.333-03:00  INFO 21036 --- [restartedMain] o.f.c.internal.license.VersionPrinter    : 
2024-10-15T19:40:47.345-03:00  INFO 21036 --- [restartedMain] o.f.c.i.database.base.BaseDatabaseType   : Database: jdbc:h2:mem:pw26s-dev (H2 2.1)
2024-10-15T19:40:47.396-03:00  INFO 21036 --- [restartedMain] o.f.c.i.s.JdbcTableSchemaHistory         : Schema history table "PUBLIC"."flyway_schema_history" does not exist yet
2024-10-15T19:40:47.401-03:00  INFO 21036 --- [restartedMain] o.f.core.internal.command.DbValidate     : Successfully validated 2 migrations (execution time 00:00.015s)
2024-10-15T19:40:47.409-03:00  INFO 21036 --- [restartedMain] o.f.c.i.s.JdbcTableSchemaHistory         : Creating Schema History table "PUBLIC"."flyway_schema_history" ...
2024-10-15T19:40:47.435-03:00  INFO 21036 --- [restartedMain] o.f.core.internal.command.DbMigrate      : Current version of schema "PUBLIC": << Empty Schema >>
2024-10-15T19:40:47.444-03:00  INFO 21036 --- [restartedMain] o.f.core.internal.command.DbMigrate      : Migrating schema "PUBLIC" to version "1.0 - Init"
2024-10-15T19:40:47.466-03:00  INFO 21036 --- [restartedMain] o.f.core.internal.command.DbMigrate      : Migrating schema "PUBLIC" to version "1.1 - Data"
2024-10-15T19:40:47.473-03:00  INFO 21036 --- [restartedMain] o.f.core.internal.command.DbMigrate      : Successfully applied 2 migrations to schema "PUBLIC", now at version v1.1 (execution time 00:00.041s)
2024-10-15T19:40:47.534-03:00  INFO 21036 --- [restartedMain] o.hibernate.jpa.internal.util.LogHelper  : HHH000204: Processing PersistenceUnitInfo [name: default]
2024-10-15T19:40:47.580-03:00  INFO 21036 --- [restartedMain] org.hibernate.Version                    : HHH000412: Hibernate ORM core version 6.2.6.Final
2024-10-15T19:40:47.582-03:00  INFO 21036 --- [restartedMain] org.hibernate.cfg.Environment            : HHH000406: Using bytecode reflection optimizer
2024-10-15T19:40:47.586-03:00  WARN 21036 --- [restartedMain] org.hibernate.orm.deprecation            : HHH90000021: Encountered deprecated setting [javax.persistence.validation.mode], use [jakarta.persistence.validation.mode] instead
2024-10-15T19:40:47.698-03:00  INFO 21036 --- [restartedMain] o.h.b.i.BytecodeProviderInitiator        : HHH000021: Bytecode provider name : bytebuddy
2024-10-15T19:40:47.808-03:00  INFO 21036 --- [restartedMain] o.s.o.j.p.SpringPersistenceUnitInfo      : No LoadTimeWeaver setup: ignoring JPA class transformer
2024-10-15T19:40:48.041-03:00  INFO 21036 --- [restartedMain] o.h.b.i.BytecodeProviderInitiator        : HHH000021: Bytecode provider name : bytebuddy
2024-10-15T19:40:48.581-03:00  INFO 21036 --- [restartedMain] o.h.e.t.j.p.i.JtaPlatformInitiator       : HHH000490: Using JtaPlatform implementation: [org.hibernate.engine.transaction.jta.platform.internal.NoJtaPlatform]
2024-10-15T19:40:48.584-03:00  INFO 21036 --- [restartedMain] j.LocalContainerEntityManagerFactoryBean : Initialized JPA EntityManagerFactory for persistence unit 'default'
2024-10-15T19:40:49.030-03:00  INFO 21036 --- [restartedMain] o.s.b.a.e.web.EndpointLinksResolver      : Exposing 15 endpoint(s) beneath base path '/actuator'
2024-10-15T19:40:49.159-03:00  WARN 21036 --- [restartedMain] JpaBaseConfiguration$JpaWebConfiguration : spring.jpa.open-in-view is enabled by default. Therefore, database queries may be performed during view rendering. Explicitly configure spring.jpa.open-in-view to disable this warning
2024-10-15T19:40:49.273-03:00  INFO 21036 --- [restartedMain] o.s.s.web.DefaultSecurityFilterChain     : Will secure any request with [org.springframework.security.web.session.DisableEncodeUrlFilter@216eb9e3, org.springframework.security.web.context.request.async.WebAsyncManagerIntegrationFilter@48b69f48, org.springframework.security.web.context.SecurityContextHolderFilter@3ab6f786, org.springframework.security.web.header.HeaderWriterFilter@3358aa73, org.springframework.security.web.authentication.logout.LogoutFilter@6f58697e, br.edu.utfpr.pb.pw26s.server.security.JWTAuthenticationFilter@142231cd, br.edu.utfpr.pb.pw26s.server.security.JWTAuthorizationFilter@19da8b81, org.springframework.security.web.savedrequest.RequestCacheAwareFilter@4c995125, org.springframework.security.web.servletapi.SecurityContextHolderAwareRequestFilter@6319d6fa, org.springframework.security.web.authentication.AnonymousAuthenticationFilter@4daf88f8, org.springframework.security.web.session.SessionManagementFilter@544949e9, org.springframework.security.web.access.ExceptionTranslationFilter@1687af44, org.springframework.security.web.access.intercept.AuthorizationFilter@6d2b85]
2024-10-15T19:40:49.691-03:00  INFO 21036 --- [restartedMain] o.s.b.d.a.OptionalLiveReloadServer       : LiveReload server is running on port 35729
2024-10-15T19:40:49.753-03:00  INFO 21036 --- [restartedMain] o.s.b.w.embedded.tomcat.TomcatWebServer  : Tomcat started on port(s): 8080 (http) with context path ''
2024-10-15T19:40:49.767-03:00  INFO 21036 --- [restartedMain] b.e.u.pb.pw26s.server.ServerApplication  : Started ServerApplication in 5.032 seconds (process running for 5.868)
2024-10-15T19:40:49.838-03:00  WARN 21036 --- [registrationTask1] d.c.b.a.c.r.ApplicationRegistrator       : Failed to register application as Application(name=spring-boot-application, managementUrl=http://172.31.176.1:8080/actuator, healthUrl=http://172.31.176.1:8080/actuator/health, serviceUrl=http://172.31.176.1:8080/) at spring-boot-admin ([http://127.0.0.1:8081/instances]): I/O error on POST request for "http://127.0.0.1:8081/instances": Connection refused: no further information. Further attempts are logged on DEBUG level
2024-10-15T19:40:50.240-03:00  INFO 21036 --- [RMI TCP Connection(3)-172.31.176.1] o.a.c.c.C.[Tomcat].[localhost].[/]       : Initializing Spring DispatcherServlet 'dispatcherServlet'
2024-10-15T19:40:50.241-03:00  INFO 21036 --- [RMI TCP Connection(3)-172.31.176.1] o.s.web.servlet.DispatcherServlet        : Initializing Servlet 'dispatcherServlet'
2024-10-15T19:40:50.245-03:00  INFO 21036 --- [RMI TCP Connection(3)-172.31.176.1] o.s.web.servlet.DispatcherServlet        : Completed initialization in 3 ms
2024-10-15T19:42:17.066-03:00  WARN 21036 --- [http-nio-8080-exec-9] o.s.c.s.ResourceBundleMessageSource      : ResourceBundle [messages/messages] not found for MessageSource: Can't find bundle for base name messages/messages, locale en_US
2024-10-15T19:44:20.444-03:00 ERROR 21036 --- [http-nio-8080-exec-2] o.a.c.c.C.[.[.[/].[dispatcherServlet]    : Servlet.service() for servlet [dispatcherServlet] in context with path [] threw exception

com.auth0.jwt.exceptions.JWTDecodeException: The string '\[LL' doesn't have a valid JSON format.
	at com.auth0.jwt.impl.JWTParser.decodeException(JWTParser.java:78) ~[java-jwt-4.0.0.jar:4.0.0]
	at com.auth0.jwt.impl.JWTParser.parseHeader(JWTParser.java:54) ~[java-jwt-4.0.0.jar:4.0.0]
	at com.auth0.jwt.JWTDecoder.<init>(JWTDecoder.java:48) ~[java-jwt-4.0.0.jar:4.0.0]
	at com.auth0.jwt.JWTVerifier.verify(JWTVerifier.java:440) ~[java-jwt-4.0.0.jar:4.0.0]
	at br.edu.utfpr.pb.pw26s.server.security.JWTAuthorizationFilter.getAuthentication(JWTAuthorizationFilter.java:51) ~[classes/:na]
	at br.edu.utfpr.pb.pw26s.server.security.JWTAuthorizationFilter.doFilterInternal(JWTAuthorizationFilter.java:39) ~[classes/:na]
	at org.springframework.web.filter.OncePerRequestFilter.doFilter(OncePerRequestFilter.java:116) ~[spring-web-6.0.11.jar:6.0.11]
	at org.springframework.security.web.ObservationFilterChainDecorator$ObservationFilter.wrapFilter(ObservationFilterChainDecorator.java:240) ~[spring-security-web-6.1.2.jar:6.1.2]
	at org.springframework.security.web.ObservationFilterChainDecorator$ObservationFilter.doFilter(ObservationFilterChainDecorator.java:227) ~[spring-security-web-6.1.2.jar:6.1.2]
	at org.springframework.security.web.ObservationFilterChainDecorator$VirtualFilterChain.doFilter(ObservationFilterChainDecorator.java:137) ~[spring-security-web-6.1.2.jar:6.1.2]
	at org.springframework.security.web.authentication.AbstractAuthenticationProcessingFilter.doFilter(AbstractAuthenticationProcessingFilter.java:227) ~[spring-security-web-6.1.2.jar:6.1.2]
	at org.springframework.security.web.authentication.AbstractAuthenticationProcessingFilter.doFilter(AbstractAuthenticationProcessingFilter.java:221) ~[spring-security-web-6.1.2.jar:6.1.2]
	at org.springframework.security.web.ObservationFilterChainDecorator$ObservationFilter.wrapFilter(ObservationFilterChainDecorator.java:240) ~[spring-security-web-6.1.2.jar:6.1.2]
	at org.springframework.security.web.ObservationFilterChainDecorator$ObservationFilter.doFilter(ObservationFilterChainDecorator.java:227) ~[spring-security-web-6.1.2.jar:6.1.2]
	at org.springframework.security.web.ObservationFilterChainDecorator$VirtualFilterChain.doFilter(ObservationFilterChainDecorator.java:137) ~[spring-security-web-6.1.2.jar:6.1.2]
	at org.springframework.security.web.authentication.logout.LogoutFilter.doFilter(LogoutFilter.java:107) ~[spring-security-web-6.1.2.jar:6.1.2]
	at org.springframework.security.web.authentication.logout.LogoutFilter.doFilter(LogoutFilter.java:93) ~[spring-security-web-6.1.2.jar:6.1.2]
	at org.springframework.security.web.ObservationFilterChainDecorator$ObservationFilter.wrapFilter(ObservationFilterChainDecorator.java:240) ~[spring-security-web-6.1.2.jar:6.1.2]
	at org.springframework.security.web.ObservationFilterChainDecorator$ObservationFilter.doFilter(ObservationFilterChainDecorator.java:227) ~[spring-security-web-6.1.2.jar:6.1.2]
	at org.springframework.security.web.ObservationFilterChainDecorator$VirtualFilterChain.doFilter(ObservationFilterChainDecorator.java:137) ~[spring-security-web-6.1.2.jar:6.1.2]
	at org.springframework.security.web.header.HeaderWriterFilter.doHeadersAfter(HeaderWriterFilter.java:90) ~[spring-security-web-6.1.2.jar:6.1.2]
	at org.springframework.security.web.header.HeaderWriterFilter.doFilterInternal(HeaderWriterFilter.java:75) ~[spring-security-web-6.1.2.jar:6.1.2]
	at org.springframework.web.filter.OncePerRequestFilter.doFilter(OncePerRequestFilter.java:116) ~[spring-web-6.0.11.jar:6.0.11]
	at org.springframework.security.web.ObservationFilterChainDecorator$ObservationFilter.wrapFilter(ObservationFilterChainDecorator.java:240) ~[spring-security-web-6.1.2.jar:6.1.2]
	at org.springframework.security.web.ObservationFilterChainDecorator$ObservationFilter.doFilter(ObservationFilterChainDecorator.java:227) ~[spring-security-web-6.1.2.jar:6.1.2]
	at org.springframework.security.web.ObservationFilterChainDecorator$VirtualFilterChain.doFilter(ObservationFilterChainDecorator.java:137) ~[spring-security-web-6.1.2.jar:6.1.2]
	at org.springframework.security.web.context.SecurityContextHolderFilter.doFilter(SecurityContextHolderFilter.java:82) ~[spring-security-web-6.1.2.jar:6.1.2]
	at org.springframework.security.web.context.SecurityContextHolderFilter.doFilter(SecurityContextHolderFilter.java:69) ~[spring-security-web-6.1.2.jar:6.1.2]
	at org.springframework.security.web.ObservationFilterChainDecorator$ObservationFilter.wrapFilter(ObservationFilterChainDecorator.java:240) ~[spring-security-web-6.1.2.jar:6.1.2]
	at org.springframework.security.web.ObservationFilterChainDecorator$ObservationFilter.doFilter(ObservationFilterChainDecorator.java:227) ~[spring-security-web-6.1.2.jar:6.1.2]
	at org.springframework.security.web.ObservationFilterChainDecorator$VirtualFilterChain.doFilter(ObservationFilterChainDecorator.java:137) ~[spring-security-web-6.1.2.jar:6.1.2]
	at org.springframework.security.web.context.request.async.WebAsyncManagerIntegrationFilter.doFilterInternal(WebAsyncManagerIntegrationFilter.java:62) ~[spring-security-web-6.1.2.jar:6.1.2]
	at org.springframework.web.filter.OncePerRequestFilter.doFilter(OncePerRequestFilter.java:116) ~[spring-web-6.0.11.jar:6.0.11]
	at org.springframework.security.web.ObservationFilterChainDecorator$ObservationFilter.wrapFilter(ObservationFilterChainDecorator.java:240) ~[spring-security-web-6.1.2.jar:6.1.2]
	at org.springframework.security.web.ObservationFilterChainDecorator$ObservationFilter.doFilter(ObservationFilterChainDecorator.java:227) ~[spring-security-web-6.1.2.jar:6.1.2]
	at org.springframework.security.web.ObservationFilterChainDecorator$VirtualFilterChain.doFilter(ObservationFilterChainDecorator.java:137) ~[spring-security-web-6.1.2.jar:6.1.2]
	at org.springframework.security.web.session.DisableEncodeUrlFilter.doFilterInternal(DisableEncodeUrlFilter.java:42) ~[spring-security-web-6.1.2.jar:6.1.2]
	at org.springframework.web.filter.OncePerRequestFilter.doFilter(OncePerRequestFilter.java:116) ~[spring-web-6.0.11.jar:6.0.11]
	at org.springframework.security.web.ObservationFilterChainDecorator$ObservationFilter.wrapFilter(ObservationFilterChainDecorator.java:240) ~[spring-security-web-6.1.2.jar:6.1.2]
	at org.springframework.security.web.ObservationFilterChainDecorator$AroundFilterObservation$SimpleAroundFilterObservation.lambda$wrap$0(ObservationFilterChainDecorator.java:323) ~[spring-security-web-6.1.2.jar:6.1.2]
	at org.springframework.security.web.ObservationFilterChainDecorator$ObservationFilter.doFilter(ObservationFilterChainDecorator.java:224) ~[spring-security-web-6.1.2.jar:6.1.2]
	at org.springframework.security.web.ObservationFilterChainDecorator$VirtualFilterChain.doFilter(ObservationFilterChainDecorator.java:137) ~[spring-security-web-6.1.2.jar:6.1.2]
	at org.springframework.security.web.FilterChainProxy.doFilterInternal(FilterChainProxy.java:233) ~[spring-security-web-6.1.2.jar:6.1.2]
	at org.springframework.security.web.FilterChainProxy.doFilter(FilterChainProxy.java:191) ~[spring-security-web-6.1.2.jar:6.1.2]
	at org.springframework.web.filter.DelegatingFilterProxy.invokeDelegate(DelegatingFilterProxy.java:352) ~[spring-web-6.0.11.jar:6.0.11]
	at org.springframework.web.filter.DelegatingFilterProxy.doFilter(DelegatingFilterProxy.java:268) ~[spring-web-6.0.11.jar:6.0.11]
	at org.apache.catalina.core.ApplicationFilterChain.internalDoFilter(ApplicationFilterChain.java:174) ~[tomcat-embed-core-10.1.11.jar:10.1.11]
	at org.apache.catalina.core.ApplicationFilterChain.doFilter(ApplicationFilterChain.java:149) ~[tomcat-embed-core-10.1.11.jar:10.1.11]
	at org.springframework.web.filter.RequestContextFilter.doFilterInternal(RequestContextFilter.java:100) ~[spring-web-6.0.11.jar:6.0.11]
	at org.springframework.web.filter.OncePerRequestFilter.doFilter(OncePerRequestFilter.java:116) ~[spring-web-6.0.11.jar:6.0.11]
	at org.apache.catalina.core.ApplicationFilterChain.internalDoFilter(ApplicationFilterChain.java:174) ~[tomcat-embed-core-10.1.11.jar:10.1.11]
	at org.apache.catalina.core.ApplicationFilterChain.doFilter(ApplicationFilterChain.java:149) ~[tomcat-embed-core-10.1.11.jar:10.1.11]
	at org.springframework.web.filter.FormContentFilter.doFilterInternal(FormContentFilter.java:93) ~[spring-web-6.0.11.jar:6.0.11]
	at org.springframework.web.filter.OncePerRequestFilter.doFilter(OncePerRequestFilter.java:116) ~[spring-web-6.0.11.jar:6.0.11]
	at org.apache.catalina.core.ApplicationFilterChain.internalDoFilter(ApplicationFilterChain.java:174) ~[tomcat-embed-core-10.1.11.jar:10.1.11]
	at org.apache.catalina.core.ApplicationFilterChain.doFilter(ApplicationFilterChain.java:149) ~[tomcat-embed-core-10.1.11.jar:10.1.11]
	at org.springframework.web.filter.ServerHttpObservationFilter.doFilterInternal(ServerHttpObservationFilter.java:109) ~[spring-web-6.0.11.jar:6.0.11]
	at org.springframework.web.filter.OncePerRequestFilter.doFilter(OncePerRequestFilter.java:116) ~[spring-web-6.0.11.jar:6.0.11]
	at org.apache.catalina.core.ApplicationFilterChain.internalDoFilter(ApplicationFilterChain.java:174) ~[tomcat-embed-core-10.1.11.jar:10.1.11]
	at org.apache.catalina.core.ApplicationFilterChain.doFilter(ApplicationFilterChain.java:149) ~[tomcat-embed-core-10.1.11.jar:10.1.11]
	at org.springframework.web.filter.CharacterEncodingFilter.doFilterInternal(CharacterEncodingFilter.java:201) ~[spring-web-6.0.11.jar:6.0.11]
	at org.springframework.web.filter.OncePerRequestFilter.doFilter(OncePerRequestFilter.java:116) ~[spring-web-6.0.11.jar:6.0.11]
	at org.apache.catalina.core.ApplicationFilterChain.internalDoFilter(ApplicationFilterChain.java:174) ~[tomcat-embed-core-10.1.11.jar:10.1.11]
	at org.apache.catalina.core.ApplicationFilterChain.doFilter(ApplicationFilterChain.java:149) ~[tomcat-embed-core-10.1.11.jar:10.1.11]
	at org.apache.catalina.core.StandardWrapperValve.invoke(StandardWrapperValve.java:166) ~[tomcat-embed-core-10.1.11.jar:10.1.11]
	at org.apache.catalina.core.StandardContextValve.invoke(StandardContextValve.java:90) ~[tomcat-embed-core-10.1.11.jar:10.1.11]
	at org.apache.catalina.authenticator.AuthenticatorBase.invoke(AuthenticatorBase.java:482) ~[tomcat-embed-core-10.1.11.jar:10.1.11]
	at org.apache.catalina.core.StandardHostValve.invoke(StandardHostValve.java:115) ~[tomcat-embed-core-10.1.11.jar:10.1.11]
	at org.apache.catalina.valves.ErrorReportValve.invoke(ErrorReportValve.java:93) ~[tomcat-embed-core-10.1.11.jar:10.1.11]
	at org.apache.catalina.core.StandardEngineValve.invoke(StandardEngineValve.java:74) ~[tomcat-embed-core-10.1.11.jar:10.1.11]
	at org.apache.catalina.connector.CoyoteAdapter.service(CoyoteAdapter.java:341) ~[tomcat-embed-core-10.1.11.jar:10.1.11]
	at org.apache.coyote.http11.Http11Processor.service(Http11Processor.java:391) ~[tomcat-embed-core-10.1.11.jar:10.1.11]
	at org.apache.coyote.AbstractProcessorLight.process(AbstractProcessorLight.java:63) ~[tomcat-embed-core-10.1.11.jar:10.1.11]
	at org.apache.coyote.AbstractProtocol$ConnectionHandler.process(AbstractProtocol.java:894) ~[tomcat-embed-core-10.1.11.jar:10.1.11]
	at org.apache.tomcat.util.net.NioEndpoint$SocketProcessor.doRun(NioEndpoint.java:1740) ~[tomcat-embed-core-10.1.11.jar:10.1.11]
	at org.apache.tomcat.util.net.SocketProcessorBase.run(SocketProcessorBase.java:52) ~[tomcat-embed-core-10.1.11.jar:10.1.11]
	at org.apache.tomcat.util.threads.ThreadPoolExecutor.runWorker(ThreadPoolExecutor.java:1191) ~[tomcat-embed-core-10.1.11.jar:10.1.11]
	at org.apache.tomcat.util.threads.ThreadPoolExecutor$Worker.run(ThreadPoolExecutor.java:659) ~[tomcat-embed-core-10.1.11.jar:10.1.11]
	at org.apache.tomcat.util.threads.TaskThread$WrappingRunnable.run(TaskThread.java:61) ~[tomcat-embed-core-10.1.11.jar:10.1.11]
	at java.base/java.lang.Thread.run(Thread.java:833) ~[na:na]

2024-10-15T21:01:34.000-03:00  INFO 21036 --- [SpringApplicationShutdownHook] j.LocalContainerEntityManagerFactoryBean : Closing JPA EntityManagerFactory for persistence unit 'default'
2024-10-15T21:01:34.361-03:00  WARN 21036 --- [SpringApplicationShutdownHook] o.s.b.f.support.DisposableBeanAdapter    : Invocation of destroy method failed on bean with name 'inMemoryDatabaseShutdownExecutor': org.h2.jdbc.JdbcSQLNonTransientConnectionException: Database is already closed (to disable automatic closing at VM shutdown, add ";DB_CLOSE_ON_EXIT=FALSE" to the db URL) [90121-214]
2024-10-15T21:01:34.362-03:00  INFO 21036 --- [SpringApplicationShutdownHook] com.zaxxer.hikari.HikariDataSource       : HikariPool-1 - Shutdown initiated...
2024-10-15T21:01:34.502-03:00  INFO 21036 --- [SpringApplicationShutdownHook] com.zaxxer.hikari.HikariDataSource       : HikariPool-1 - Shutdown completed.
